{"/Users/kageyamatadaomi/Works/tic-tac-toe/src/display.ts": {"path":"/Users/kageyamatadaomi/Works/tic-tac-toe/src/display.ts","statementMap":{"0":{"start":{"line":1,"column":0},"end":{"line":1,"column":68}},"1":{"start":{"line":13,"column":22},"end":{"line":32,"column":1}},"2":{"start":{"line":14,"column":24},"end":{"line":17,"column":3}},"3":{"start":{"line":15,"column":4},"end":{"line":15,"column":null}},"4":{"start":{"line":16,"column":4},"end":{"line":16,"column":null}},"5":{"start":{"line":18,"column":2},"end":{"line":31,"column":null}},"6":{"start":{"line":20,"column":25},"end":{"line":20,"column":59}},"7":{"start":{"line":21,"column":6},"end":{"line":21,"column":null}},"8":{"start":{"line":24,"column":25},"end":{"line":24,"column":50}},"9":{"start":{"line":25,"column":6},"end":{"line":25,"column":null}},"10":{"start":{"line":28,"column":25},"end":{"line":28,"column":41}},"11":{"start":{"line":29,"column":6},"end":{"line":29,"column":null}},"12":{"start":{"line":34,"column":9},"end":{"line":34,"column":22}}},"fnMap":{"0":{"name":"(anonymous_0)","decl":{"start":{"line":13,"column":22},"end":{"line":13,"column":23}},"loc":{"start":{"line":13,"column":42},"end":{"line":32,"column":1}}},"1":{"name":"(anonymous_1)","decl":{"start":{"line":14,"column":24},"end":{"line":14,"column":25}},"loc":{"start":{"line":14,"column":53},"end":{"line":17,"column":3}}},"2":{"name":"(anonymous_2)","decl":{"start":{"line":19,"column":15},"end":{"line":19,"column":16}},"loc":{"start":{"line":19,"column":50},"end":{"line":22,"column":5}}},"3":{"name":"(anonymous_3)","decl":{"start":{"line":23,"column":17},"end":{"line":23,"column":18}},"loc":{"start":{"line":23,"column":41},"end":{"line":26,"column":5}}},"4":{"name":"(anonymous_4)","decl":{"start":{"line":27,"column":16},"end":{"line":27,"column":21}},"loc":{"start":{"line":27,"column":24},"end":{"line":30,"column":5}}}},"branchMap":{},"s":{"0":1,"1":1,"2":1,"3":5,"4":5,"5":1,"6":3,"7":3,"8":1,"9":1,"10":1,"11":1,"12":1},"f":{"0":1,"1":5,"2":3,"3":1,"4":1},"b":{}}
,"/Users/kageyamatadaomi/Works/tic-tac-toe/src/__factories__/store/helper.ts": {"path":"/Users/kageyamatadaomi/Works/tic-tac-toe/src/__factories__/store/helper.ts","statementMap":{"0":{"start":{"line":10,"column":5},"end":{"line":182,"column":null}},"1":{"start":{"line":184,"column":26},"end":{"line":189,"column":3}},"2":{"start":{"line":184,"column":52},"end":{"line":188,"column":null}},"3":{"start":{"line":187,"column":16},"end":{"line":187,"column":53}},"4":{"start":{"line":187,"column":32},"end":{"line":187,"column":43}},"5":{"start":{"line":372,"column":2},"end":{"line":372,"column":19}},"6":{"start":{"line":191,"column":26},"end":{"line":228,"column":null}},"7":{"start":{"line":373,"column":2},"end":{"line":373,"column":19}},"8":{"start":{"line":230,"column":24},"end":{"line":247,"column":null}},"9":{"start":{"line":374,"column":2},"end":{"line":374,"column":17}},"10":{"start":{"line":256,"column":5},"end":{"line":369,"column":null}},"11":{"start":{"line":375,"column":2},"end":{"line":375,"column":17}}},"fnMap":{"0":{"name":"(anonymous_0)","decl":{"start":{"line":184,"column":44},"end":{"line":184,"column":48}},"loc":{"start":{"line":184,"column":52},"end":{"line":188,"column":null}}},"1":{"name":"(anonymous_1)","decl":{"start":{"line":187,"column":9},"end":{"line":187,"column":12}},"loc":{"start":{"line":187,"column":16},"end":{"line":187,"column":53}}},"2":{"name":"(anonymous_2)","decl":{"start":{"line":187,"column":24},"end":{"line":187,"column":28}},"loc":{"start":{"line":187,"column":32},"end":{"line":187,"column":43}}}},"branchMap":{"0":{"loc":{"start":{"line":187,"column":32},"end":{"line":187,"column":43}},"type":"cond-expr","locations":[{"start":{"line":187,"column":32},"end":{"line":187,"column":36}},{"start":{"line":187,"column":40},"end":{"line":187,"column":43}}]},"1":{"loc":{"start":{"line":187,"column":32},"end":{"line":187,"column":40}},"type":"binary-expr","locations":[{"start":{"line":187,"column":32},"end":{"line":187,"column":40}},{"start":{"line":187,"column":32},"end":{"line":187,"column":40}}]}},"s":{"0":1,"1":1,"2":19,"3":57,"4":171,"5":1,"6":1,"7":1,"8":1,"9":1,"10":1,"11":1},"f":{"0":19,"1":57,"2":171},"b":{"0":[92,79],"1":[171,92]}}
,"/Users/kageyamatadaomi/Works/tic-tac-toe/src/components/elements/BackToGameMessage.ts": {"path":"/Users/kageyamatadaomi/Works/tic-tac-toe/src/components/elements/BackToGameMessage.ts","statementMap":{"0":{"start":{"line":1,"column":0},"end":{"line":1,"column":43}},"1":{"start":{"line":3,"column":26},"end":{"line":4,"column":51}},"2":{"start":{"line":4,"column":2},"end":{"line":4,"column":51}},"3":{"start":{"line":6,"column":9},"end":{"line":6,"column":26}}},"fnMap":{"0":{"name":"(anonymous_0)","decl":{"start":{"line":3,"column":26},"end":{"line":3,"column":37}},"loc":{"start":{"line":4,"column":2},"end":{"line":4,"column":51}}}},"branchMap":{},"s":{"0":2,"1":2,"2":5,"3":2},"f":{"0":5},"b":{}}
,"/Users/kageyamatadaomi/Works/tic-tac-toe/src/components/elements/DrawMessage.ts": {"path":"/Users/kageyamatadaomi/Works/tic-tac-toe/src/components/elements/DrawMessage.ts","statementMap":{"0":{"start":{"line":1,"column":0},"end":{"line":1,"column":43}},"1":{"start":{"line":3,"column":20},"end":{"line":5,"column":1}},"2":{"start":{"line":4,"column":2},"end":{"line":4,"column":null}},"3":{"start":{"line":7,"column":9},"end":{"line":7,"column":20}}},"fnMap":{"0":{"name":"(anonymous_0)","decl":{"start":{"line":3,"column":20},"end":{"line":3,"column":31}},"loc":{"start":{"line":3,"column":33},"end":{"line":5,"column":1}}}},"branchMap":{},"s":{"0":2,"1":2,"2":4,"3":2},"f":{"0":4},"b":{}}
,"/Users/kageyamatadaomi/Works/tic-tac-toe/src/components/elements/ErrorMessage.ts": {"path":"/Users/kageyamatadaomi/Works/tic-tac-toe/src/components/elements/ErrorMessage.ts","statementMap":{"0":{"start":{"line":1,"column":0},"end":{"line":1,"column":43}},"1":{"start":{"line":3,"column":21},"end":{"line":7,"column":1}},"2":{"start":{"line":4,"column":2},"end":{"line":6,"column":null}},"3":{"start":{"line":9,"column":9},"end":{"line":9,"column":21}}},"fnMap":{"0":{"name":"(anonymous_0)","decl":{"start":{"line":3,"column":21},"end":{"line":3,"column":22}},"loc":{"start":{"line":3,"column":55},"end":{"line":7,"column":1}}}},"branchMap":{"0":{"loc":{"start":{"line":5,"column":4},"end":{"line":5,"column":null}},"type":"cond-expr","locations":[{"start":{"line":5,"column":4},"end":{"line":5,"column":16}},{"start":{"line":5,"column":20},"end":{"line":5,"column":null}}]},"1":{"loc":{"start":{"line":5,"column":4},"end":{"line":5,"column":20}},"type":"binary-expr","locations":[{"start":{"line":5,"column":4},"end":{"line":5,"column":20}},{"start":{"line":5,"column":4},"end":{"line":5,"column":20}}]}},"s":{"0":2,"1":2,"2":6,"3":2},"f":{"0":6},"b":{"0":[3,3],"1":[6,6]}}
,"/Users/kageyamatadaomi/Works/tic-tac-toe/src/components/elements/InputMessage.ts": {"path":"/Users/kageyamatadaomi/Works/tic-tac-toe/src/components/elements/InputMessage.ts","statementMap":{"0":{"start":{"line":2,"column":0},"end":{"line":2,"column":43}},"1":{"start":{"line":4,"column":21},"end":{"line":6,"column":1}},"2":{"start":{"line":5,"column":2},"end":{"line":5,"column":null}},"3":{"start":{"line":8,"column":9},"end":{"line":8,"column":21}}},"fnMap":{"0":{"name":"(anonymous_0)","decl":{"start":{"line":4,"column":21},"end":{"line":4,"column":22}},"loc":{"start":{"line":4,"column":52},"end":{"line":6,"column":1}}}},"branchMap":{},"s":{"0":2,"1":2,"2":9,"3":2},"f":{"0":9},"b":{}}
,"/Users/kageyamatadaomi/Works/tic-tac-toe/src/components/elements/MessageEdge.ts": {"path":"/Users/kageyamatadaomi/Works/tic-tac-toe/src/components/elements/MessageEdge.ts","statementMap":{"0":{"start":{"line":1,"column":20},"end":{"line":1,"column":38}},"1":{"start":{"line":1,"column":34},"end":{"line":1,"column":38}},"2":{"start":{"line":3,"column":9},"end":{"line":3,"column":20}}},"fnMap":{"0":{"name":"(anonymous_0)","decl":{"start":{"line":1,"column":20},"end":{"line":1,"column":31}},"loc":{"start":{"line":1,"column":34},"end":{"line":1,"column":38}}}},"branchMap":{},"s":{"0":6,"1":35,"2":6},"f":{"0":35},"b":{}}
,"/Users/kageyamatadaomi/Works/tic-tac-toe/src/components/elements/SimpleBoard.ts": {"path":"/Users/kageyamatadaomi/Works/tic-tac-toe/src/components/elements/SimpleBoard.ts","statementMap":{"0":{"start":{"line":3,"column":20},"end":{"line":9,"column":1}},"1":{"start":{"line":4,"column":2},"end":{"line":8,"column":null}},"2":{"start":{"line":6,"column":6},"end":{"line":6,"column":null}},"3":{"start":{"line":6,"column":33},"end":{"line":6,"column":44}},"4":{"start":{"line":11,"column":9},"end":{"line":11,"column":20}}},"fnMap":{"0":{"name":"(anonymous_0)","decl":{"start":{"line":3,"column":20},"end":{"line":3,"column":21}},"loc":{"start":{"line":3,"column":45},"end":{"line":9,"column":1}}},"1":{"name":"(anonymous_1)","decl":{"start":{"line":5,"column":9},"end":{"line":5,"column":12}},"loc":{"start":{"line":5,"column":15},"end":{"line":7,"column":5}}},"2":{"name":"(anonymous_2)","decl":{"start":{"line":6,"column":25},"end":{"line":6,"column":29}},"loc":{"start":{"line":6,"column":33},"end":{"line":6,"column":44}}}},"branchMap":{"0":{"loc":{"start":{"line":6,"column":33},"end":{"line":6,"column":44}},"type":"cond-expr","locations":[{"start":{"line":6,"column":33},"end":{"line":6,"column":37}},{"start":{"line":6,"column":41},"end":{"line":6,"column":44}}]},"1":{"loc":{"start":{"line":6,"column":33},"end":{"line":6,"column":41}},"type":"binary-expr","locations":[{"start":{"line":6,"column":33},"end":{"line":6,"column":41}},{"start":{"line":6,"column":33},"end":{"line":6,"column":41}}]}},"s":{"0":2,"1":9,"2":27,"3":81,"4":2},"f":{"0":9,"1":27,"2":81},"b":{"0":[6,75],"1":[81,6]}}
,"/Users/kageyamatadaomi/Works/tic-tac-toe/src/components/elements/SimpleStats.ts": {"path":"/Users/kageyamatadaomi/Works/tic-tac-toe/src/components/elements/SimpleStats.ts","statementMap":{"0":{"start":{"line":3,"column":20},"end":{"line":8,"column":1}},"1":{"start":{"line":4,"column":18},"end":{"line":6,"column":17}},"2":{"start":{"line":5,"column":36},"end":{"line":5,"column":68}},"3":{"start":{"line":7,"column":2},"end":{"line":7,"column":null}},"4":{"start":{"line":10,"column":9},"end":{"line":10,"column":20}}},"fnMap":{"0":{"name":"(anonymous_0)","decl":{"start":{"line":3,"column":20},"end":{"line":3,"column":21}},"loc":{"start":{"line":3,"column":45},"end":{"line":8,"column":1}}},"1":{"name":"(anonymous_1)","decl":{"start":{"line":5,"column":9},"end":{"line":5,"column":10}},"loc":{"start":{"line":5,"column":36},"end":{"line":5,"column":68}}}},"branchMap":{},"s":{"0":2,"1":5,"2":10,"3":5,"4":2},"f":{"0":5,"1":10},"b":{}}
,"/Users/kageyamatadaomi/Works/tic-tac-toe/src/components/elements/VictoryMessage.ts": {"path":"/Users/kageyamatadaomi/Works/tic-tac-toe/src/components/elements/VictoryMessage.ts","statementMap":{"0":{"start":{"line":2,"column":0},"end":{"line":2,"column":43}},"1":{"start":{"line":4,"column":23},"end":{"line":6,"column":1}},"2":{"start":{"line":5,"column":2},"end":{"line":5,"column":null}},"3":{"start":{"line":8,"column":9},"end":{"line":8,"column":23}}},"fnMap":{"0":{"name":"(anonymous_0)","decl":{"start":{"line":4,"column":23},"end":{"line":4,"column":24}},"loc":{"start":{"line":4,"column":50},"end":{"line":6,"column":1}}}},"branchMap":{},"s":{"0":2,"1":2,"2":6,"3":2},"f":{"0":6},"b":{}}
,"/Users/kageyamatadaomi/Works/tic-tac-toe/src/components/views/ResultView.ts": {"path":"/Users/kageyamatadaomi/Works/tic-tac-toe/src/components/views/ResultView.ts","statementMap":{"0":{"start":{"line":1,"column":0},"end":{"line":1,"column":53}},"1":{"start":{"line":2,"column":0},"end":{"line":2,"column":59}},"2":{"start":{"line":3,"column":0},"end":{"line":3,"column":53}},"3":{"start":{"line":7,"column":19},"end":{"line":11,"column":1}},"4":{"start":{"line":8,"column":2},"end":{"line":10,"column":null}},"5":{"start":{"line":13,"column":9},"end":{"line":13,"column":19}}},"fnMap":{"0":{"name":"(anonymous_0)","decl":{"start":{"line":7,"column":19},"end":{"line":7,"column":20}},"loc":{"start":{"line":7,"column":67},"end":{"line":11,"column":1}}}},"branchMap":{"0":{"loc":{"start":{"line":9,"column":4},"end":{"line":9,"column":null}},"type":"cond-expr","locations":[{"start":{"line":9,"column":21},"end":{"line":9,"column":43}},{"start":{"line":9,"column":46},"end":{"line":9,"column":null}}]}},"s":{"0":1,"1":1,"2":1,"3":1,"4":2,"5":1},"f":{"0":2},"b":{"0":[2,0]}}
,"/Users/kageyamatadaomi/Works/tic-tac-toe/src/components/views/StatsView.ts": {"path":"/Users/kageyamatadaomi/Works/tic-tac-toe/src/components/views/StatsView.ts","statementMap":{"0":{"start":{"line":1,"column":0},"end":{"line":1,"column":53}},"1":{"start":{"line":2,"column":0},"end":{"line":2,"column":65}},"2":{"start":{"line":5,"column":18},"end":{"line":7,"column":1}},"3":{"start":{"line":6,"column":2},"end":{"line":6,"column":null}},"4":{"start":{"line":9,"column":9},"end":{"line":9,"column":18}}},"fnMap":{"0":{"name":"(anonymous_0)","decl":{"start":{"line":5,"column":18},"end":{"line":5,"column":19}},"loc":{"start":{"line":5,"column":43},"end":{"line":7,"column":1}}}},"branchMap":{},"s":{"0":1,"1":1,"2":1,"3":2,"4":1},"f":{"0":2},"b":{}}
,"/Users/kageyamatadaomi/Works/tic-tac-toe/src/components/views/TurnView.ts": {"path":"/Users/kageyamatadaomi/Works/tic-tac-toe/src/components/views/TurnView.ts","statementMap":{"0":{"start":{"line":1,"column":0},"end":{"line":1,"column":53}},"1":{"start":{"line":2,"column":0},"end":{"line":2,"column":55}},"2":{"start":{"line":3,"column":0},"end":{"line":3,"column":55}},"3":{"start":{"line":7,"column":17},"end":{"line":11,"column":1}},"4":{"start":{"line":8,"column":2},"end":{"line":10,"column":null}},"5":{"start":{"line":13,"column":9},"end":{"line":13,"column":17}}},"fnMap":{"0":{"name":"(anonymous_0)","decl":{"start":{"line":7,"column":17},"end":{"line":7,"column":18}},"loc":{"start":{"line":7,"column":77},"end":{"line":11,"column":1}}}},"branchMap":{"0":{"loc":{"start":{"line":9,"column":4},"end":{"line":9,"column":null}},"type":"cond-expr","locations":[{"start":{"line":9,"column":20},"end":{"line":9,"column":54}},{"start":{"line":9,"column":57},"end":{"line":9,"column":null}}]}},"s":{"0":1,"1":1,"2":1,"3":1,"4":5,"5":1},"f":{"0":5},"b":{"0":[2,3]}}
,"/Users/kageyamatadaomi/Works/tic-tac-toe/src/components/views/index.ts": {"path":"/Users/kageyamatadaomi/Works/tic-tac-toe/src/components/views/index.ts","statementMap":{"0":{"start":{"line":1,"column":0},"end":{"line":1,"column":9}},"1":{"start":{"line":5,"column":9},"end":{"line":1,"column":41}},"2":{"start":{"line":2,"column":0},"end":{"line":2,"column":9}},"3":{"start":{"line":5,"column":21},"end":{"line":2,"column":39}},"4":{"start":{"line":3,"column":0},"end":{"line":3,"column":9}},"5":{"start":{"line":5,"column":32},"end":{"line":3,"column":37}}},"fnMap":{"0":{"name":"(anonymous_0)","decl":{"start":{"line":5,"column":9},"end":{"line":5,"column":19}},"loc":{"start":{"line":5,"column":9},"end":{"line":1,"column":41}}},"1":{"name":"(anonymous_1)","decl":{"start":{"line":5,"column":21},"end":{"line":5,"column":30}},"loc":{"start":{"line":5,"column":21},"end":{"line":2,"column":39}}},"2":{"name":"(anonymous_2)","decl":{"start":{"line":5,"column":32},"end":{"line":5,"column":40}},"loc":{"start":{"line":5,"column":32},"end":{"line":3,"column":37}}}},"branchMap":{},"s":{"0":1,"1":3,"2":1,"3":3,"4":1,"5":6},"f":{"0":2,"1":2,"2":5},"b":{}}
,"/Users/kageyamatadaomi/Works/tic-tac-toe/src/io/index.ts": {"path":"/Users/kageyamatadaomi/Works/tic-tac-toe/src/io/index.ts","statementMap":{"0":{"start":{"line":1,"column":0},"end":{"line":1,"column":25}},"1":{"start":{"line":2,"column":0},"end":{"line":2,"column":31}},"2":{"start":{"line":3,"column":0},"end":{"line":3,"column":39}},"3":{"start":{"line":4,"column":0},"end":{"line":4,"column":49}},"4":{"start":{"line":7,"column":21},"end":{"line":73,"column":1}},"5":{"start":{"line":8,"column":17},"end":{"line":8,"column":45}},"6":{"start":{"line":10,"column":2},"end":{"line":10,"column":null}},"7":{"start":{"line":11,"column":2},"end":{"line":11,"column":null}},"8":{"start":{"line":11,"column":19},"end":{"line":11,"column":null}},"9":{"start":{"line":13,"column":13},"end":{"line":13,"column":71}},"10":{"start":{"line":14,"column":2},"end":{"line":21,"column":null}},"11":{"start":{"line":15,"column":26},"end":{"line":15,"column":74}},"12":{"start":{"line":16,"column":4},"end":{"line":19,"column":null}},"13":{"start":{"line":17,"column":6},"end":{"line":17,"column":null}},"14":{"start":{"line":18,"column":6},"end":{"line":18,"column":12}},"15":{"start":{"line":20,"column":4},"end":{"line":20,"column":null}},"16":{"start":{"line":23,"column":25},"end":{"line":32,"column":3}},"17":{"start":{"line":24,"column":4},"end":{"line":27,"column":null}},"18":{"start":{"line":25,"column":6},"end":{"line":25,"column":null}},"19":{"start":{"line":26,"column":6},"end":{"line":26,"column":null}},"20":{"start":{"line":28,"column":4},"end":{"line":31,"column":null}},"21":{"start":{"line":29,"column":6},"end":{"line":29,"column":null}},"22":{"start":{"line":30,"column":6},"end":{"line":30,"column":null}},"23":{"start":{"line":33,"column":2},"end":{"line":33,"column":null}},"24":{"start":{"line":35,"column":29},"end":{"line":42,"column":3}},"25":{"start":{"line":36,"column":4},"end":{"line":36,"column":null}},"26":{"start":{"line":37,"column":4},"end":{"line":37,"column":null}},"27":{"start":{"line":38,"column":4},"end":{"line":38,"column":null}},"28":{"start":{"line":39,"column":4},"end":{"line":39,"column":null}},"29":{"start":{"line":44,"column":13},"end":{"line":70,"column":null}},"30":{"start":{"line":45,"column":51},"end":{"line":45,"column":69}},"31":{"start":{"line":46,"column":53},"end":{"line":46,"column":72}},"32":{"start":{"line":48,"column":6},"end":{"line":48,"column":null}},"33":{"start":{"line":49,"column":6},"end":{"line":49,"column":null}},"34":{"start":{"line":52,"column":6},"end":{"line":52,"column":null}},"35":{"start":{"line":53,"column":6},"end":{"line":53,"column":null}},"36":{"start":{"line":54,"column":6},"end":{"line":54,"column":null}},"37":{"start":{"line":56,"column":17},"end":{"line":56,"column":24}},"38":{"start":{"line":58,"column":6},"end":{"line":58,"column":null}},"39":{"start":{"line":61,"column":6},"end":{"line":61,"column":null}},"40":{"start":{"line":62,"column":6},"end":{"line":66,"column":null}},"41":{"start":{"line":63,"column":8},"end":{"line":65,"column":null}},"42":{"start":{"line":64,"column":10},"end":{"line":64,"column":null}},"43":{"start":{"line":68,"column":32},"end":{"line":68,"column":61}},"44":{"start":{"line":69,"column":34},"end":{"line":69,"column":68}},"45":{"start":{"line":72,"column":2},"end":{"line":72,"column":null}},"46":{"start":{"line":75,"column":9},"end":{"line":75,"column":21}}},"fnMap":{"0":{"name":"(anonymous_8)","decl":{"start":{"line":7,"column":21},"end":{"line":7,"column":28}},"loc":{"start":{"line":7,"column":30},"end":{"line":73,"column":1}}},"1":{"name":"(anonymous_9)","decl":{"start":{"line":14,"column":16},"end":{"line":14,"column":20}},"loc":{"start":{"line":14,"column":23},"end":{"line":21,"column":3}}},"2":{"name":"(anonymous_10)","decl":{"start":{"line":23,"column":25},"end":{"line":23,"column":26}},"loc":{"start":{"line":23,"column":47},"end":{"line":32,"column":3}}},"3":{"name":"(anonymous_11)","decl":{"start":{"line":35,"column":29},"end":{"line":35,"column":38}},"loc":{"start":{"line":35,"column":40},"end":{"line":42,"column":3}}},"4":{"name":"(anonymous_12)","decl":{"start":{"line":45,"column":8},"end":{"line":45,"column":9}},"loc":{"start":{"line":45,"column":51},"end":{"line":45,"column":69}}},"5":{"name":"(anonymous_13)","decl":{"start":{"line":46,"column":9},"end":{"line":46,"column":10}},"loc":{"start":{"line":46,"column":53},"end":{"line":46,"column":72}}},"6":{"name":"(anonymous_14)","decl":{"start":{"line":47,"column":11},"end":{"line":47,"column":14}},"loc":{"start":{"line":47,"column":16},"end":{"line":50,"column":5}}},"7":{"name":"(anonymous_15)","decl":{"start":{"line":51,"column":10},"end":{"line":51,"column":13}},"loc":{"start":{"line":51,"column":15},"end":{"line":55,"column":5}}},"8":{"name":"(anonymous_16)","decl":{"start":{"line":56,"column":11},"end":{"line":56,"column":14}},"loc":{"start":{"line":56,"column":17},"end":{"line":56,"column":24}}},"9":{"name":"(anonymous_17)","decl":{"start":{"line":57,"column":28},"end":{"line":57,"column":31}},"loc":{"start":{"line":57,"column":33},"end":{"line":59,"column":5}}},"10":{"name":"(anonymous_18)","decl":{"start":{"line":60,"column":10},"end":{"line":60,"column":23}},"loc":{"start":{"line":60,"column":23},"end":{"line":67,"column":null}}},"11":{"name":"(anonymous_20)","decl":{"start":{"line":62,"column":39},"end":{"line":62,"column":46}},"loc":{"start":{"line":62,"column":49},"end":{"line":66,"column":7}}},"12":{"name":"(anonymous_21)","decl":{"start":{"line":63,"column":52},"end":{"line":63,"column":56}},"loc":{"start":{"line":63,"column":59},"end":{"line":65,"column":9}}},"13":{"name":"(anonymous_22)","decl":{"start":{"line":68,"column":11},"end":{"line":68,"column":12}},"loc":{"start":{"line":68,"column":32},"end":{"line":68,"column":61}}},"14":{"name":"(anonymous_23)","decl":{"start":{"line":69,"column":13},"end":{"line":69,"column":14}},"loc":{"start":{"line":69,"column":34},"end":{"line":69,"column":68}}}},"branchMap":{"0":{"loc":{"start":{"line":11,"column":2},"end":{"line":11,"column":null}},"type":"if","locations":[{"start":{"line":11,"column":2},"end":{"line":11,"column":null}}]},"1":{"loc":{"start":{"line":16,"column":4},"end":{"line":19,"column":null}},"type":"if","locations":[{"start":{"line":16,"column":4},"end":{"line":19,"column":null}}]},"2":{"loc":{"start":{"line":24,"column":4},"end":{"line":27,"column":null}},"type":"if","locations":[{"start":{"line":24,"column":4},"end":{"line":27,"column":null}}]},"3":{"loc":{"start":{"line":28,"column":4},"end":{"line":31,"column":null}},"type":"if","locations":[{"start":{"line":28,"column":4},"end":{"line":31,"column":null}}]}},"s":{"0":2,"1":2,"2":2,"3":2,"4":2,"5":1,"6":1,"7":1,"8":0,"9":1,"10":1,"11":7,"12":7,"13":0,"14":0,"15":7,"16":1,"17":19,"18":1,"19":1,"20":19,"21":1,"22":1,"23":1,"24":1,"25":2,"26":2,"27":2,"28":2,"29":1,"30":4,"31":1,"32":1,"33":1,"34":1,"35":1,"36":1,"37":1,"38":0,"39":0,"40":0,"41":0,"42":0,"43":0,"44":2,"45":1,"46":2},"f":{"0":1,"1":7,"2":19,"3":2,"4":4,"5":1,"6":1,"7":1,"8":1,"9":0,"10":0,"11":0,"12":0,"13":0,"14":2},"b":{"0":[0],"1":[0],"2":[1],"3":[1]}}
,"/Users/kageyamatadaomi/Works/tic-tac-toe/src/store/helper.ts": {"path":"/Users/kageyamatadaomi/Works/tic-tac-toe/src/store/helper.ts","statementMap":{"0":{"start":{"line":8,"column":21},"end":{"line":12,"column":1}},"1":{"start":{"line":11,"column":2},"end":{"line":11,"column":null}},"2":{"start":{"line":11,"column":29},"end":{"line":11,"column":46}},"3":{"start":{"line":54,"column":9},"end":{"line":54,"column":21}},"4":{"start":{"line":14,"column":29},"end":{"line":31,"column":1}},"5":{"start":{"line":15,"column":30},"end":{"line":15,"column":34}},"6":{"start":{"line":16,"column":2},"end":{"line":25,"column":null}},"7":{"start":{"line":16,"column":15},"end":{"line":16,"column":16}},"8":{"start":{"line":17,"column":4},"end":{"line":20,"column":null}},"9":{"start":{"line":18,"column":6},"end":{"line":18,"column":null}},"10":{"start":{"line":19,"column":6},"end":{"line":19,"column":11}},"11":{"start":{"line":21,"column":4},"end":{"line":24,"column":null}},"12":{"start":{"line":22,"column":6},"end":{"line":22,"column":null}},"13":{"start":{"line":23,"column":6},"end":{"line":23,"column":11}},"14":{"start":{"line":26,"column":2},"end":{"line":27,"column":null}},"15":{"start":{"line":27,"column":4},"end":{"line":27,"column":null}},"16":{"start":{"line":28,"column":2},"end":{"line":29,"column":null}},"17":{"start":{"line":29,"column":4},"end":{"line":29,"column":null}},"18":{"start":{"line":30,"column":2},"end":{"line":30,"column":null}},"19":{"start":{"line":54,"column":35},"end":{"line":54,"column":44}},"20":{"start":{"line":33,"column":31},"end":{"line":36,"column":1}},"21":{"start":{"line":34,"column":2},"end":{"line":34,"column":null}},"22":{"start":{"line":34,"column":25},"end":{"line":34,"column":56}},"23":{"start":{"line":34,"column":43},"end":{"line":34,"column":55}},"24":{"start":{"line":34,"column":59},"end":{"line":34,"column":null}},"25":{"start":{"line":35,"column":2},"end":{"line":35,"column":null}},"26":{"start":{"line":54,"column":23},"end":{"line":54,"column":33}},"27":{"start":{"line":38,"column":16},"end":{"line":50,"column":1}},"28":{"start":{"line":39,"column":33},"end":{"line":39,"column":41}},"29":{"start":{"line":40,"column":19},"end":{"line":40,"column":32}},"30":{"start":{"line":41,"column":19},"end":{"line":41,"column":32}},"31":{"start":{"line":44,"column":21},"end":{"line":44,"column":46}},"32":{"start":{"line":45,"column":2},"end":{"line":46,"column":null}},"33":{"start":{"line":46,"column":4},"end":{"line":46,"column":null}},"34":{"start":{"line":47,"column":16},"end":{"line":47,"column":61}},"35":{"start":{"line":47,"column":42},"end":{"line":47,"column":50}},"36":{"start":{"line":48,"column":2},"end":{"line":48,"column":null}},"37":{"start":{"line":49,"column":2},"end":{"line":49,"column":null}},"38":{"start":{"line":54,"column":46},"end":{"line":54,"column":53}},"39":{"start":{"line":52,"column":16},"end":{"line":52,"column":61}},"40":{"start":{"line":52,"column":38},"end":{"line":52,"column":61}},"41":{"start":{"line":54,"column":55},"end":{"line":54,"column":62}}},"fnMap":{"0":{"name":"(anonymous_0)","decl":{"start":{"line":8,"column":21},"end":{"line":8,"column":null}},"loc":{"start":{"line":10,"column":13},"end":{"line":12,"column":1}}},"1":{"name":"(anonymous_1)","decl":{"start":{"line":11,"column":21},"end":{"line":11,"column":25}},"loc":{"start":{"line":11,"column":29},"end":{"line":11,"column":46}}},"2":{"name":"(anonymous_2)","decl":{"start":{"line":14,"column":29},"end":{"line":14,"column":34}},"loc":{"start":{"line":14,"column":37},"end":{"line":31,"column":1}}},"3":{"name":"(anonymous_3)","decl":{"start":{"line":33,"column":31},"end":{"line":33,"column":36}},"loc":{"start":{"line":33,"column":39},"end":{"line":36,"column":1}}},"4":{"name":"(anonymous_4)","decl":{"start":{"line":34,"column":18},"end":{"line":34,"column":21}},"loc":{"start":{"line":34,"column":25},"end":{"line":34,"column":56}}},"5":{"name":"(anonymous_5)","decl":{"start":{"line":34,"column":35},"end":{"line":34,"column":39}},"loc":{"start":{"line":34,"column":43},"end":{"line":34,"column":55}}},"6":{"name":"(anonymous_6)","decl":{"start":{"line":38,"column":16},"end":{"line":38,"column":17}},"loc":{"start":{"line":38,"column":74},"end":{"line":50,"column":1}}},"7":{"name":"(anonymous_7)","decl":{"start":{"line":47,"column":35},"end":{"line":47,"column":38}},"loc":{"start":{"line":47,"column":42},"end":{"line":47,"column":50}}},"8":{"name":"(anonymous_8)","decl":{"start":{"line":52,"column":16},"end":{"line":52,"column":20}},"loc":{"start":{"line":52,"column":38},"end":{"line":52,"column":61}}}},"branchMap":{"0":{"loc":{"start":{"line":17,"column":4},"end":{"line":20,"column":null}},"type":"if","locations":[{"start":{"line":17,"column":4},"end":{"line":20,"column":null}}]},"1":{"loc":{"start":{"line":21,"column":4},"end":{"line":24,"column":null}},"type":"if","locations":[{"start":{"line":21,"column":4},"end":{"line":24,"column":null}}]},"2":{"loc":{"start":{"line":26,"column":2},"end":{"line":27,"column":null}},"type":"if","locations":[{"start":{"line":26,"column":2},"end":{"line":27,"column":null}}]},"3":{"loc":{"start":{"line":28,"column":2},"end":{"line":29,"column":null}},"type":"if","locations":[{"start":{"line":28,"column":2},"end":{"line":29,"column":null}}]},"4":{"loc":{"start":{"line":34,"column":2},"end":{"line":34,"column":null}},"type":"if","locations":[{"start":{"line":34,"column":2},"end":{"line":34,"column":null}}]},"5":{"loc":{"start":{"line":45,"column":2},"end":{"line":46,"column":null}},"type":"if","locations":[{"start":{"line":45,"column":2},"end":{"line":46,"column":null}}]},"6":{"loc":{"start":{"line":45,"column":6},"end":{"line":45,"column":52}},"type":"binary-expr","locations":[{"start":{"line":45,"column":6},"end":{"line":45,"column":30}},{"start":{"line":45,"column":34},"end":{"line":45,"column":52}}]}},"s":{"0":3,"1":401,"2":955,"3":3,"4":3,"5":72,"6":72,"7":72,"8":146,"9":44,"10":44,"11":102,"12":6,"13":6,"14":72,"15":16,"16":72,"17":24,"18":72,"19":3,"20":3,"21":38,"22":58,"23":123,"24":5,"25":33,"26":3,"27":3,"28":15,"29":15,"30":15,"31":15,"32":12,"33":3,"34":9,"35":27,"36":9,"37":9,"38":3,"39":3,"40":34,"41":3},"f":{"0":401,"1":955,"2":72,"3":38,"4":58,"5":123,"6":15,"7":27,"8":34},"b":{"0":[44],"1":[6],"2":[16],"3":[24],"4":[5],"5":[3],"6":[12,11]}}
,"/Users/kageyamatadaomi/Works/tic-tac-toe/src/store/index.ts": {"path":"/Users/kageyamatadaomi/Works/tic-tac-toe/src/store/index.ts","statementMap":{"0":{"start":{"line":16,"column":20},"end":{"line":57,"column":1}},"1":{"start":{"line":17,"column":31},"end":{"line":17,"column":36}},"2":{"start":{"line":19,"column":30},"end":{"line":24,"column":3}},"3":{"start":{"line":23,"column":4},"end":{"line":23,"column":null}},"4":{"start":{"line":23,"column":17},"end":{"line":23,"column":36}},"5":{"start":{"line":25,"column":22},"end":{"line":25,"column":null}},"6":{"start":{"line":28,"column":26},"end":{"line":33,"column":27}},"7":{"start":{"line":29,"column":4},"end":{"line":31,"column":null}},"8":{"start":{"line":35,"column":30},"end":{"line":41,"column":3}},"9":{"start":{"line":38,"column":4},"end":{"line":40,"column":null}},"10":{"start":{"line":39,"column":6},"end":{"line":39,"column":null}},"11":{"start":{"line":42,"column":22},"end":{"line":42,"column":null}},"12":{"start":{"line":45,"column":26},"end":{"line":50,"column":27}},"13":{"start":{"line":46,"column":4},"end":{"line":48,"column":null}},"14":{"start":{"line":52,"column":2},"end":{"line":56,"column":null}},"15":{"start":{"line":59,"column":9},"end":{"line":59,"column":20}}},"fnMap":{"0":{"name":"(anonymous_0)","decl":{"start":{"line":16,"column":20},"end":{"line":16,"column":21}},"loc":{"start":{"line":16,"column":52},"end":{"line":57,"column":1}}},"1":{"name":"(anonymous_1)","decl":{"start":{"line":19,"column":30},"end":{"line":19,"column":null}},"loc":{"start":{"line":21,"column":29},"end":{"line":24,"column":3}}},"2":{"name":"(anonymous_2)","decl":{"start":{"line":23,"column":11},"end":{"line":23,"column":14}},"loc":{"start":{"line":23,"column":17},"end":{"line":23,"column":36}}},"3":{"name":"(anonymous_3)","decl":{"start":{"line":28,"column":45},"end":{"line":28,"column":46}},"loc":{"start":{"line":28,"column":58},"end":{"line":33,"column":3}}},"4":{"name":"(anonymous_4)","decl":{"start":{"line":35,"column":30},"end":{"line":35,"column":null}},"loc":{"start":{"line":37,"column":48},"end":{"line":41,"column":3}}},"5":{"name":"(anonymous_5)","decl":{"start":{"line":38,"column":11},"end":{"line":38,"column":12}},"loc":{"start":{"line":38,"column":23},"end":{"line":40,"column":5}}},"6":{"name":"(anonymous_6)","decl":{"start":{"line":45,"column":45},"end":{"line":45,"column":46}},"loc":{"start":{"line":45,"column":58},"end":{"line":50,"column":3}}}},"branchMap":{},"s":{"0":1,"1":1,"2":1,"3":5,"4":5,"5":1,"6":1,"7":5,"8":1,"9":3,"10":3,"11":1,"12":1,"13":3,"14":1,"15":1},"f":{"0":1,"1":5,"2":5,"3":5,"4":3,"5":3,"6":3},"b":{}}
,"/Users/kageyamatadaomi/Works/tic-tac-toe/src/store/store.ts": {"path":"/Users/kageyamatadaomi/Works/tic-tac-toe/src/store/store.ts","statementMap":{"0":{"start":{"line":2,"column":0},"end":{"line":2,"column":41}},"1":{"start":{"line":4,"column":0},"end":{"line":4,"column":66}},"2":{"start":{"line":6,"column":19},"end":{"line":8,"column":1}},"3":{"start":{"line":7,"column":2},"end":{"line":7,"column":null}},"4":{"start":{"line":10,"column":21},"end":{"line":13,"column":null}},"5":{"start":{"line":81,"column":16},"end":{"line":81,"column":28}},"6":{"start":{"line":15,"column":21},"end":{"line":79,"column":null}},"7":{"start":{"line":19,"column":26},"end":{"line":19,"column":31}},"8":{"start":{"line":20,"column":20},"end":{"line":23,"column":null}},"9":{"start":{"line":24,"column":6},"end":{"line":27,"column":null}},"10":{"start":{"line":25,"column":23},"end":{"line":25,"column":39}},"11":{"start":{"line":26,"column":8},"end":{"line":26,"column":null}},"12":{"start":{"line":26,"column":28},"end":{"line":26,"column":null}},"13":{"start":{"line":28,"column":6},"end":{"line":28,"column":null}},"14":{"start":{"line":31,"column":6},"end":{"line":31,"column":null}},"15":{"start":{"line":34,"column":26},"end":{"line":34,"column":31}},"16":{"start":{"line":35,"column":6},"end":{"line":35,"column":null}},"17":{"start":{"line":38,"column":26},"end":{"line":38,"column":31}},"18":{"start":{"line":39,"column":27},"end":{"line":39,"column":50}},"19":{"start":{"line":40,"column":6},"end":{"line":40,"column":null}},"20":{"start":{"line":43,"column":26},"end":{"line":43,"column":31}},"21":{"start":{"line":44,"column":27},"end":{"line":44,"column":50}},"22":{"start":{"line":45,"column":6},"end":{"line":45,"column":null}},"23":{"start":{"line":50,"column":38},"end":{"line":50,"column":43}},"24":{"start":{"line":51,"column":27},"end":{"line":51,"column":50}},"25":{"start":{"line":52,"column":6},"end":{"line":52,"column":null}},"26":{"start":{"line":52,"column":36},"end":{"line":52,"column":null}},"27":{"start":{"line":54,"column":27},"end":{"line":54,"column":70}},"28":{"start":{"line":55,"column":21},"end":{"line":55,"column":72}},"29":{"start":{"line":56,"column":6},"end":{"line":59,"column":null}},"30":{"start":{"line":63,"column":26},"end":{"line":63,"column":31}},"31":{"start":{"line":64,"column":27},"end":{"line":64,"column":50}},"32":{"start":{"line":65,"column":6},"end":{"line":65,"column":null}},"33":{"start":{"line":65,"column":37},"end":{"line":65,"column":null}},"34":{"start":{"line":67,"column":21},"end":{"line":67,"column":44}},"35":{"start":{"line":68,"column":25},"end":{"line":68,"column":72}},"36":{"start":{"line":69,"column":6},"end":{"line":72,"column":null}},"37":{"start":{"line":76,"column":6},"end":{"line":76,"column":null}},"38":{"start":{"line":81,"column":9},"end":{"line":81,"column":14}}},"fnMap":{"0":{"name":"(anonymous_0)","decl":{"start":{"line":6,"column":19},"end":{"line":6,"column":29}},"loc":{"start":{"line":6,"column":31},"end":{"line":8,"column":1}}},"1":{"name":"(anonymous_1)","decl":{"start":{"line":18,"column":11},"end":{"line":18,"column":16}},"loc":{"start":{"line":18,"column":19},"end":{"line":29,"column":5}}},"2":{"name":"(anonymous_2)","decl":{"start":{"line":24,"column":22},"end":{"line":24,"column":27}},"loc":{"start":{"line":24,"column":30},"end":{"line":27,"column":7}}},"3":{"name":"(anonymous_3)","decl":{"start":{"line":30,"column":16},"end":{"line":30,"column":21}},"loc":{"start":{"line":30,"column":24},"end":{"line":32,"column":5}}},"4":{"name":"(anonymous_4)","decl":{"start":{"line":33,"column":18},"end":{"line":33,"column":23}},"loc":{"start":{"line":33,"column":26},"end":{"line":36,"column":5}}},"5":{"name":"(anonymous_5)","decl":{"start":{"line":37,"column":28},"end":{"line":37,"column":33}},"loc":{"start":{"line":37,"column":36},"end":{"line":41,"column":5}}},"6":{"name":"(anonymous_6)","decl":{"start":{"line":42,"column":26},"end":{"line":42,"column":31}},"loc":{"start":{"line":42,"column":34},"end":{"line":46,"column":5}}},"7":{"name":"(anonymous_7)","decl":{"start":{"line":49,"column":13},"end":{"line":49,"column":14}},"loc":{"start":{"line":49,"column":33},"end":{"line":61,"column":5}}},"8":{"name":"(anonymous_8)","decl":{"start":{"line":62,"column":19},"end":{"line":62,"column":24}},"loc":{"start":{"line":62,"column":27},"end":{"line":74,"column":5}}},"9":{"name":"(anonymous_9)","decl":{"start":{"line":75,"column":11},"end":{"line":75,"column":16}},"loc":{"start":{"line":75,"column":19},"end":{"line":77,"column":5}}}},"branchMap":{"0":{"loc":{"start":{"line":26,"column":8},"end":{"line":26,"column":null}},"type":"if","locations":[{"start":{"line":26,"column":8},"end":{"line":26,"column":null}}]},"1":{"loc":{"start":{"line":52,"column":6},"end":{"line":52,"column":null}},"type":"if","locations":[{"start":{"line":52,"column":6},"end":{"line":52,"column":null}}]},"2":{"loc":{"start":{"line":55,"column":21},"end":{"line":55,"column":72}},"type":"cond-expr","locations":[{"start":{"line":55,"column":49},"end":{"line":55,"column":59}},{"start":{"line":55,"column":62},"end":{"line":55,"column":72}}]},"3":{"loc":{"start":{"line":65,"column":6},"end":{"line":65,"column":null}},"type":"if","locations":[{"start":{"line":65,"column":6},"end":{"line":65,"column":null}}]},"4":{"loc":{"start":{"line":68,"column":25},"end":{"line":68,"column":72}},"type":"cond-expr","locations":[{"start":{"line":68,"column":49},"end":{"line":68,"column":59}},{"start":{"line":68,"column":62},"end":{"line":68,"column":72}}]}},"s":{"0":2,"1":2,"2":2,"3":4,"4":2,"5":2,"6":2,"7":5,"8":5,"9":5,"10":10,"11":10,"12":6,"13":5,"14":2,"15":3,"16":3,"17":6,"18":6,"19":6,"20":8,"21":8,"22":8,"23":10,"24":10,"25":10,"26":2,"27":8,"28":5,"29":5,"30":3,"31":3,"32":3,"33":1,"34":2,"35":2,"36":2,"37":1,"38":2},"f":{"0":4,"1":5,"2":10,"3":2,"4":3,"5":6,"6":8,"7":10,"8":3,"9":1},"b":{"0":[6],"1":[2],"2":[4,1],"3":[1],"4":[2,0]}}
,"/Users/kageyamatadaomi/Works/tic-tac-toe/src/types/Player.ts": {"path":"/Users/kageyamatadaomi/Works/tic-tac-toe/src/types/Player.ts","statementMap":{"0":{"start":{"line":1,"column":16},"end":{"line":1,"column":35}},"1":{"start":{"line":6,"column":9},"end":{"line":6,"column":16}}},"fnMap":{},"branchMap":{},"s":{"0":2,"1":2},"f":{},"b":{}}
}
