{"/Users/kageyamatadaomi/Works/tic-tac-toe/src/app.ts": {"path":"/Users/kageyamatadaomi/Works/tic-tac-toe/src/app.ts","statementMap":{"0":{"start":{"line":1,"column":0},"end":{"line":1,"column":35}},"1":{"start":{"line":3,"column":0},"end":{"line":3,"column":45}},"2":{"start":{"line":4,"column":0},"end":{"line":4,"column":37}},"3":{"start":{"line":5,"column":0},"end":{"line":5,"column":47}},"4":{"start":{"line":9,"column":0},"end":{"line":9,"column":41}},"5":{"start":{"line":17,"column":12},"end":{"line":79,"column":1}},"6":{"start":{"line":18,"column":16},"end":{"line":18,"column":35}},"7":{"start":{"line":19,"column":13},"end":{"line":19,"column":27}},"8":{"start":{"line":20,"column":18},"end":{"line":20,"column":35}},"9":{"start":{"line":22,"column":25},"end":{"line":22,"column":66}},"10":{"start":{"line":22,"column":38},"end":{"line":22,"column":66}},"11":{"start":{"line":23,"column":24},"end":{"line":23,"column":64}},"12":{"start":{"line":23,"column":38},"end":{"line":23,"column":64}},"13":{"start":{"line":24,"column":20},"end":{"line":24,"column":77}},"14":{"start":{"line":24,"column":41},"end":{"line":24,"column":77}},"15":{"start":{"line":25,"column":19},"end":{"line":25,"column":53}},"16":{"start":{"line":25,"column":32},"end":{"line":25,"column":53}},"17":{"start":{"line":26,"column":26},"end":{"line":26,"column":79}},"18":{"start":{"line":26,"column":41},"end":{"line":26,"column":79}},"19":{"start":{"line":27,"column":18},"end":{"line":32,"column":3}},"20":{"start":{"line":28,"column":21},"end":{"line":28,"column":74}},"21":{"start":{"line":28,"column":59},"end":{"line":28,"column":73}},"22":{"start":{"line":29,"column":4},"end":{"line":30,"column":null}},"23":{"start":{"line":30,"column":6},"end":{"line":30,"column":null}},"24":{"start":{"line":31,"column":4},"end":{"line":31,"column":null}},"25":{"start":{"line":33,"column":24},"end":{"line":33,"column":65}},"26":{"start":{"line":33,"column":36},"end":{"line":33,"column":65}},"27":{"start":{"line":35,"column":2},"end":{"line":48,"column":null}},"28":{"start":{"line":35,"column":47},"end":{"line":48,"column":4}},"29":{"start":{"line":36,"column":21},"end":{"line":36,"column":25}},"30":{"start":{"line":37,"column":4},"end":{"line":47,"column":null}},"31":{"start":{"line":38,"column":6},"end":{"line":38,"column":null}},"32":{"start":{"line":39,"column":6},"end":{"line":43,"column":null}},"33":{"start":{"line":40,"column":8},"end":{"line":40,"column":null}},"34":{"start":{"line":41,"column":8},"end":{"line":41,"column":null}},"35":{"start":{"line":42,"column":8},"end":{"line":42,"column":null}},"36":{"start":{"line":44,"column":6},"end":{"line":44,"column":null}},"37":{"start":{"line":46,"column":6},"end":{"line":46,"column":null}},"38":{"start":{"line":50,"column":2},"end":{"line":53,"column":null}},"39":{"start":{"line":51,"column":4},"end":{"line":51,"column":null}},"40":{"start":{"line":52,"column":4},"end":{"line":52,"column":null}},"41":{"start":{"line":55,"column":2},"end":{"line":64,"column":null}},"42":{"start":{"line":55,"column":59},"end":{"line":64,"column":4}},"43":{"start":{"line":56,"column":4},"end":{"line":56,"column":null}},"44":{"start":{"line":57,"column":4},"end":{"line":57,"column":null}},"45":{"start":{"line":58,"column":4},"end":{"line":62,"column":null}},"46":{"start":{"line":59,"column":6},"end":{"line":59,"column":null}},"47":{"start":{"line":60,"column":6},"end":{"line":60,"column":null}},"48":{"start":{"line":61,"column":6},"end":{"line":61,"column":null}},"49":{"start":{"line":63,"column":4},"end":{"line":63,"column":null}},"50":{"start":{"line":66,"column":2},"end":{"line":66,"column":null}},"51":{"start":{"line":68,"column":2},"end":{"line":78,"column":null}},"52":{"start":{"line":71,"column":6},"end":{"line":71,"column":null}},"53":{"start":{"line":72,"column":6},"end":{"line":72,"column":null}},"54":{"start":{"line":73,"column":6},"end":{"line":73,"column":null}},"55":{"start":{"line":76,"column":6},"end":{"line":76,"column":null}},"56":{"start":{"line":81,"column":9},"end":{"line":81,"column":12}}},"fnMap":{"0":{"name":"(anonymous_7)","decl":{"start":{"line":17,"column":12},"end":{"line":17,"column":27}},"loc":{"start":{"line":17,"column":29},"end":{"line":79,"column":1}}},"1":{"name":"(anonymous_8)","decl":{"start":{"line":22,"column":25},"end":{"line":22,"column":35}},"loc":{"start":{"line":22,"column":38},"end":{"line":22,"column":66}}},"2":{"name":"(anonymous_9)","decl":{"start":{"line":23,"column":24},"end":{"line":23,"column":35}},"loc":{"start":{"line":23,"column":38},"end":{"line":23,"column":64}}},"3":{"name":"(anonymous_10)","decl":{"start":{"line":24,"column":20},"end":{"line":24,"column":38}},"loc":{"start":{"line":24,"column":41},"end":{"line":24,"column":77}}},"4":{"name":"(anonymous_11)","decl":{"start":{"line":25,"column":19},"end":{"line":25,"column":29}},"loc":{"start":{"line":25,"column":32},"end":{"line":25,"column":53}}},"5":{"name":"(anonymous_12)","decl":{"start":{"line":26,"column":26},"end":{"line":26,"column":38}},"loc":{"start":{"line":26,"column":41},"end":{"line":26,"column":79}}},"6":{"name":"(anonymous_13)","decl":{"start":{"line":27,"column":18},"end":{"line":27,"column":19}},"loc":{"start":{"line":27,"column":51},"end":{"line":32,"column":3}}},"7":{"name":"(anonymous_14)","decl":{"start":{"line":28,"column":51},"end":{"line":28,"column":55}},"loc":{"start":{"line":28,"column":59},"end":{"line":28,"column":73}}},"8":{"name":"(anonymous_15)","decl":{"start":{"line":33,"column":24},"end":{"line":33,"column":33}},"loc":{"start":{"line":33,"column":36},"end":{"line":33,"column":65}}},"9":{"name":"(anonymous_16)","decl":{"start":{"line":35,"column":34},"end":{"line":35,"column":40}},"loc":{"start":{"line":35,"column":47},"end":{"line":48,"column":4}}},"10":{"name":"(anonymous_17)","decl":{"start":{"line":35,"column":47},"end":{"line":35,"column":null}},"loc":{"start":{"line":35,"column":47},"end":{"line":48,"column":3}}},"11":{"name":"(anonymous_18)","decl":{"start":{"line":50,"column":33},"end":{"line":50,"column":36}},"loc":{"start":{"line":50,"column":38},"end":{"line":53,"column":3}}},"12":{"name":"(anonymous_19)","decl":{"start":{"line":55,"column":33},"end":{"line":55,"column":57}},"loc":{"start":{"line":55,"column":59},"end":{"line":64,"column":4}}},"13":{"name":"(anonymous_20)","decl":{"start":{"line":55,"column":59},"end":{"line":55,"column":null}},"loc":{"start":{"line":55,"column":59},"end":{"line":64,"column":3}}},"14":{"name":"(anonymous_21)","decl":{"start":{"line":70,"column":11},"end":{"line":70,"column":20}},"loc":{"start":{"line":70,"column":22},"end":{"line":74,"column":5}}},"15":{"name":"(anonymous_22)","decl":{"start":{"line":75,"column":10},"end":{"line":75,"column":19}},"loc":{"start":{"line":75,"column":21},"end":{"line":77,"column":5}}}},"branchMap":{"0":{"loc":{"start":{"line":29,"column":4},"end":{"line":30,"column":null}},"type":"if","locations":[{"start":{"line":29,"column":4},"end":{"line":30,"column":null}}]},"1":{"loc":{"start":{"line":39,"column":6},"end":{"line":43,"column":null}},"type":"if","locations":[{"start":{"line":39,"column":6},"end":{"line":43,"column":null}}]},"2":{"loc":{"start":{"line":58,"column":4},"end":{"line":62,"column":null}},"type":"if","locations":[{"start":{"line":58,"column":4},"end":{"line":62,"column":null}}]}},"s":{"0":1,"1":1,"2":1,"3":1,"4":1,"5":1,"6":1,"7":1,"8":1,"9":1,"10":278,"11":1,"12":252,"13":1,"14":26,"15":1,"16":12,"17":1,"18":170,"19":1,"20":185,"21":357,"22":185,"23":13,"24":172,"25":1,"26":11,"27":1,"28":185,"29":185,"30":185,"31":185,"32":168,"33":25,"34":25,"35":11,"36":154,"37":17,"38":1,"39":4,"40":4,"41":1,"42":12,"43":12,"44":12,"45":2,"46":1,"47":1,"48":0,"49":1,"50":1,"51":1,"52":79,"53":79,"54":79,"55":1,"56":1},"f":{"0":1,"1":278,"2":252,"3":26,"4":12,"5":170,"6":185,"7":357,"8":11,"9":185,"10":185,"11":4,"12":12,"13":12,"14":79,"15":1},"b":{"0":[13],"1":[25],"2":[1]}}
,"/Users/kageyamatadaomi/Works/tic-tac-toe/src/display.ts": {"path":"/Users/kageyamatadaomi/Works/tic-tac-toe/src/display.ts","statementMap":{"0":{"start":{"line":1,"column":0},"end":{"line":1,"column":68}},"1":{"start":{"line":13,"column":22},"end":{"line":32,"column":1}},"2":{"start":{"line":14,"column":24},"end":{"line":17,"column":3}},"3":{"start":{"line":15,"column":4},"end":{"line":15,"column":null}},"4":{"start":{"line":16,"column":4},"end":{"line":16,"column":null}},"5":{"start":{"line":18,"column":2},"end":{"line":31,"column":null}},"6":{"start":{"line":20,"column":25},"end":{"line":20,"column":59}},"7":{"start":{"line":21,"column":6},"end":{"line":21,"column":null}},"8":{"start":{"line":24,"column":25},"end":{"line":24,"column":50}},"9":{"start":{"line":25,"column":6},"end":{"line":25,"column":null}},"10":{"start":{"line":28,"column":25},"end":{"line":28,"column":41}},"11":{"start":{"line":29,"column":6},"end":{"line":29,"column":null}},"12":{"start":{"line":34,"column":9},"end":{"line":34,"column":22}}},"fnMap":{"0":{"name":"(anonymous_0)","decl":{"start":{"line":13,"column":22},"end":{"line":13,"column":23}},"loc":{"start":{"line":13,"column":42},"end":{"line":32,"column":1}}},"1":{"name":"(anonymous_1)","decl":{"start":{"line":14,"column":24},"end":{"line":14,"column":25}},"loc":{"start":{"line":14,"column":53},"end":{"line":17,"column":3}}},"2":{"name":"(anonymous_2)","decl":{"start":{"line":19,"column":15},"end":{"line":19,"column":16}},"loc":{"start":{"line":19,"column":50},"end":{"line":22,"column":5}}},"3":{"name":"(anonymous_3)","decl":{"start":{"line":23,"column":17},"end":{"line":23,"column":18}},"loc":{"start":{"line":23,"column":41},"end":{"line":26,"column":5}}},"4":{"name":"(anonymous_4)","decl":{"start":{"line":27,"column":16},"end":{"line":27,"column":21}},"loc":{"start":{"line":27,"column":24},"end":{"line":30,"column":5}}}},"branchMap":{},"s":{"0":2,"1":2,"2":2,"3":295,"4":295,"5":2,"6":255,"7":255,"8":27,"9":27,"10":13,"11":13,"12":2},"f":{"0":2,"1":295,"2":255,"3":27,"4":13},"b":{}}
,"/Users/kageyamatadaomi/Works/tic-tac-toe/src/__factories__/store/helper.ts": {"path":"/Users/kageyamatadaomi/Works/tic-tac-toe/src/__factories__/store/helper.ts","statementMap":{"0":{"start":{"line":10,"column":5},"end":{"line":182,"column":null}},"1":{"start":{"line":184,"column":26},"end":{"line":189,"column":3}},"2":{"start":{"line":184,"column":52},"end":{"line":188,"column":null}},"3":{"start":{"line":187,"column":16},"end":{"line":187,"column":53}},"4":{"start":{"line":187,"column":32},"end":{"line":187,"column":43}},"5":{"start":{"line":372,"column":2},"end":{"line":372,"column":19}},"6":{"start":{"line":191,"column":26},"end":{"line":228,"column":null}},"7":{"start":{"line":373,"column":2},"end":{"line":373,"column":19}},"8":{"start":{"line":230,"column":24},"end":{"line":247,"column":null}},"9":{"start":{"line":374,"column":2},"end":{"line":374,"column":17}},"10":{"start":{"line":256,"column":5},"end":{"line":369,"column":null}},"11":{"start":{"line":375,"column":2},"end":{"line":375,"column":17}}},"fnMap":{"0":{"name":"(anonymous_0)","decl":{"start":{"line":184,"column":44},"end":{"line":184,"column":48}},"loc":{"start":{"line":184,"column":52},"end":{"line":188,"column":null}}},"1":{"name":"(anonymous_1)","decl":{"start":{"line":187,"column":9},"end":{"line":187,"column":12}},"loc":{"start":{"line":187,"column":16},"end":{"line":187,"column":53}}},"2":{"name":"(anonymous_2)","decl":{"start":{"line":187,"column":24},"end":{"line":187,"column":28}},"loc":{"start":{"line":187,"column":32},"end":{"line":187,"column":43}}}},"branchMap":{"0":{"loc":{"start":{"line":187,"column":32},"end":{"line":187,"column":43}},"type":"cond-expr","locations":[{"start":{"line":187,"column":32},"end":{"line":187,"column":36}},{"start":{"line":187,"column":40},"end":{"line":187,"column":43}}]},"1":{"loc":{"start":{"line":187,"column":32},"end":{"line":187,"column":40}},"type":"binary-expr","locations":[{"start":{"line":187,"column":32},"end":{"line":187,"column":40}},{"start":{"line":187,"column":32},"end":{"line":187,"column":40}}]}},"s":{"0":1,"1":1,"2":19,"3":57,"4":171,"5":1,"6":1,"7":1,"8":1,"9":1,"10":1,"11":1},"f":{"0":19,"1":57,"2":171},"b":{"0":[92,79],"1":[171,92]}}
,"/Users/kageyamatadaomi/Works/tic-tac-toe/src/components/elements/BackToGameMessage.ts": {"path":"/Users/kageyamatadaomi/Works/tic-tac-toe/src/components/elements/BackToGameMessage.ts","statementMap":{"0":{"start":{"line":1,"column":0},"end":{"line":1,"column":43}},"1":{"start":{"line":3,"column":26},"end":{"line":4,"column":51}},"2":{"start":{"line":4,"column":2},"end":{"line":4,"column":51}},"3":{"start":{"line":6,"column":9},"end":{"line":6,"column":26}}},"fnMap":{"0":{"name":"(anonymous_0)","decl":{"start":{"line":3,"column":26},"end":{"line":3,"column":37}},"loc":{"start":{"line":4,"column":2},"end":{"line":4,"column":51}}}},"branchMap":{},"s":{"0":3,"1":3,"2":17,"3":3},"f":{"0":17},"b":{}}
,"/Users/kageyamatadaomi/Works/tic-tac-toe/src/components/elements/DrawMessage.ts": {"path":"/Users/kageyamatadaomi/Works/tic-tac-toe/src/components/elements/DrawMessage.ts","statementMap":{"0":{"start":{"line":1,"column":0},"end":{"line":1,"column":43}},"1":{"start":{"line":3,"column":20},"end":{"line":5,"column":1}},"2":{"start":{"line":4,"column":2},"end":{"line":4,"column":null}},"3":{"start":{"line":7,"column":9},"end":{"line":7,"column":20}}},"fnMap":{"0":{"name":"(anonymous_0)","decl":{"start":{"line":3,"column":20},"end":{"line":3,"column":31}},"loc":{"start":{"line":3,"column":33},"end":{"line":5,"column":1}}}},"branchMap":{},"s":{"0":3,"1":3,"2":9,"3":3},"f":{"0":9},"b":{}}
,"/Users/kageyamatadaomi/Works/tic-tac-toe/src/components/elements/ErrorMessage.ts": {"path":"/Users/kageyamatadaomi/Works/tic-tac-toe/src/components/elements/ErrorMessage.ts","statementMap":{"0":{"start":{"line":1,"column":0},"end":{"line":1,"column":43}},"1":{"start":{"line":3,"column":21},"end":{"line":7,"column":1}},"2":{"start":{"line":4,"column":2},"end":{"line":6,"column":null}},"3":{"start":{"line":9,"column":9},"end":{"line":9,"column":21}}},"fnMap":{"0":{"name":"(anonymous_0)","decl":{"start":{"line":3,"column":21},"end":{"line":3,"column":22}},"loc":{"start":{"line":3,"column":55},"end":{"line":7,"column":1}}}},"branchMap":{"0":{"loc":{"start":{"line":5,"column":4},"end":{"line":5,"column":null}},"type":"cond-expr","locations":[{"start":{"line":5,"column":4},"end":{"line":5,"column":16}},{"start":{"line":5,"column":20},"end":{"line":5,"column":null}}]},"1":{"loc":{"start":{"line":5,"column":4},"end":{"line":5,"column":20}},"type":"binary-expr","locations":[{"start":{"line":5,"column":4},"end":{"line":5,"column":20}},{"start":{"line":5,"column":4},"end":{"line":5,"column":20}}]}},"s":{"0":3,"1":3,"2":23,"3":3},"f":{"0":23},"b":{"0":[20,3],"1":[23,23]}}
,"/Users/kageyamatadaomi/Works/tic-tac-toe/src/components/elements/InputMessage.ts": {"path":"/Users/kageyamatadaomi/Works/tic-tac-toe/src/components/elements/InputMessage.ts","statementMap":{"0":{"start":{"line":2,"column":0},"end":{"line":2,"column":43}},"1":{"start":{"line":4,"column":21},"end":{"line":6,"column":1}},"2":{"start":{"line":5,"column":2},"end":{"line":5,"column":null}},"3":{"start":{"line":8,"column":9},"end":{"line":8,"column":21}}},"fnMap":{"0":{"name":"(anonymous_0)","decl":{"start":{"line":4,"column":21},"end":{"line":4,"column":22}},"loc":{"start":{"line":4,"column":52},"end":{"line":6,"column":1}}}},"branchMap":{},"s":{"0":3,"1":3,"2":261,"3":3},"f":{"0":261},"b":{}}
,"/Users/kageyamatadaomi/Works/tic-tac-toe/src/components/elements/MessageEdge.ts": {"path":"/Users/kageyamatadaomi/Works/tic-tac-toe/src/components/elements/MessageEdge.ts","statementMap":{"0":{"start":{"line":1,"column":20},"end":{"line":1,"column":38}},"1":{"start":{"line":1,"column":34},"end":{"line":1,"column":38}},"2":{"start":{"line":3,"column":9},"end":{"line":3,"column":20}}},"fnMap":{"0":{"name":"(anonymous_0)","decl":{"start":{"line":1,"column":20},"end":{"line":1,"column":31}},"loc":{"start":{"line":1,"column":34},"end":{"line":1,"column":38}}}},"branchMap":{},"s":{"0":7,"1":342,"2":7},"f":{"0":342},"b":{}}
,"/Users/kageyamatadaomi/Works/tic-tac-toe/src/components/elements/SimpleBoard.ts": {"path":"/Users/kageyamatadaomi/Works/tic-tac-toe/src/components/elements/SimpleBoard.ts","statementMap":{"0":{"start":{"line":3,"column":20},"end":{"line":9,"column":1}},"1":{"start":{"line":4,"column":2},"end":{"line":8,"column":null}},"2":{"start":{"line":6,"column":6},"end":{"line":6,"column":null}},"3":{"start":{"line":6,"column":33},"end":{"line":6,"column":44}},"4":{"start":{"line":11,"column":9},"end":{"line":11,"column":20}}},"fnMap":{"0":{"name":"(anonymous_0)","decl":{"start":{"line":3,"column":20},"end":{"line":3,"column":21}},"loc":{"start":{"line":3,"column":45},"end":{"line":9,"column":1}}},"1":{"name":"(anonymous_1)","decl":{"start":{"line":5,"column":9},"end":{"line":5,"column":12}},"loc":{"start":{"line":5,"column":15},"end":{"line":7,"column":5}}},"2":{"name":"(anonymous_2)","decl":{"start":{"line":6,"column":25},"end":{"line":6,"column":29}},"loc":{"start":{"line":6,"column":33},"end":{"line":6,"column":44}}}},"branchMap":{"0":{"loc":{"start":{"line":6,"column":33},"end":{"line":6,"column":44}},"type":"cond-expr","locations":[{"start":{"line":6,"column":33},"end":{"line":6,"column":37}},{"start":{"line":6,"column":41},"end":{"line":6,"column":44}}]},"1":{"loc":{"start":{"line":6,"column":33},"end":{"line":6,"column":41}},"type":"binary-expr","locations":[{"start":{"line":6,"column":33},"end":{"line":6,"column":41}},{"start":{"line":6,"column":33},"end":{"line":6,"column":41}}]}},"s":{"0":3,"1":287,"2":861,"3":2583,"4":3},"f":{"0":287,"1":861,"2":2583},"b":{"0":[702,1881],"1":[2583,702]}}
,"/Users/kageyamatadaomi/Works/tic-tac-toe/src/components/elements/SimpleStats.ts": {"path":"/Users/kageyamatadaomi/Works/tic-tac-toe/src/components/elements/SimpleStats.ts","statementMap":{"0":{"start":{"line":3,"column":20},"end":{"line":8,"column":1}},"1":{"start":{"line":4,"column":18},"end":{"line":6,"column":17}},"2":{"start":{"line":5,"column":36},"end":{"line":5,"column":68}},"3":{"start":{"line":7,"column":2},"end":{"line":7,"column":null}},"4":{"start":{"line":10,"column":9},"end":{"line":10,"column":20}}},"fnMap":{"0":{"name":"(anonymous_0)","decl":{"start":{"line":3,"column":20},"end":{"line":3,"column":21}},"loc":{"start":{"line":3,"column":45},"end":{"line":8,"column":1}}},"1":{"name":"(anonymous_1)","decl":{"start":{"line":5,"column":9},"end":{"line":5,"column":10}},"loc":{"start":{"line":5,"column":36},"end":{"line":5,"column":68}}}},"branchMap":{},"s":{"0":3,"1":17,"2":34,"3":17,"4":3},"f":{"0":17,"1":34},"b":{}}
,"/Users/kageyamatadaomi/Works/tic-tac-toe/src/components/elements/VictoryMessage.ts": {"path":"/Users/kageyamatadaomi/Works/tic-tac-toe/src/components/elements/VictoryMessage.ts","statementMap":{"0":{"start":{"line":2,"column":0},"end":{"line":2,"column":43}},"1":{"start":{"line":4,"column":23},"end":{"line":6,"column":1}},"2":{"start":{"line":5,"column":2},"end":{"line":5,"column":null}},"3":{"start":{"line":8,"column":9},"end":{"line":8,"column":23}}},"fnMap":{"0":{"name":"(anonymous_0)","decl":{"start":{"line":4,"column":23},"end":{"line":4,"column":24}},"loc":{"start":{"line":4,"column":50},"end":{"line":6,"column":1}}}},"branchMap":{},"s":{"0":3,"1":3,"2":27,"3":3},"f":{"0":27},"b":{}}
,"/Users/kageyamatadaomi/Works/tic-tac-toe/src/components/views/ResultView.ts": {"path":"/Users/kageyamatadaomi/Works/tic-tac-toe/src/components/views/ResultView.ts","statementMap":{"0":{"start":{"line":1,"column":0},"end":{"line":1,"column":53}},"1":{"start":{"line":2,"column":0},"end":{"line":2,"column":59}},"2":{"start":{"line":3,"column":0},"end":{"line":3,"column":53}},"3":{"start":{"line":7,"column":19},"end":{"line":11,"column":1}},"4":{"start":{"line":8,"column":2},"end":{"line":10,"column":null}},"5":{"start":{"line":13,"column":9},"end":{"line":13,"column":19}}},"fnMap":{"0":{"name":"(anonymous_0)","decl":{"start":{"line":7,"column":19},"end":{"line":7,"column":20}},"loc":{"start":{"line":7,"column":67},"end":{"line":11,"column":1}}}},"branchMap":{"0":{"loc":{"start":{"line":9,"column":4},"end":{"line":9,"column":null}},"type":"cond-expr","locations":[{"start":{"line":9,"column":21},"end":{"line":9,"column":43}},{"start":{"line":9,"column":46},"end":{"line":9,"column":null}}]}},"s":{"0":2,"1":2,"2":2,"3":2,"4":28,"5":2},"f":{"0":28},"b":{"0":[23,5]}}
,"/Users/kageyamatadaomi/Works/tic-tac-toe/src/components/views/StatsView.ts": {"path":"/Users/kageyamatadaomi/Works/tic-tac-toe/src/components/views/StatsView.ts","statementMap":{"0":{"start":{"line":1,"column":0},"end":{"line":1,"column":53}},"1":{"start":{"line":2,"column":0},"end":{"line":2,"column":65}},"2":{"start":{"line":5,"column":18},"end":{"line":7,"column":1}},"3":{"start":{"line":6,"column":2},"end":{"line":6,"column":null}},"4":{"start":{"line":9,"column":9},"end":{"line":9,"column":18}}},"fnMap":{"0":{"name":"(anonymous_0)","decl":{"start":{"line":5,"column":18},"end":{"line":5,"column":19}},"loc":{"start":{"line":5,"column":43},"end":{"line":7,"column":1}}}},"branchMap":{},"s":{"0":2,"1":2,"2":2,"3":14,"4":2},"f":{"0":14},"b":{}}
,"/Users/kageyamatadaomi/Works/tic-tac-toe/src/components/views/TurnView.ts": {"path":"/Users/kageyamatadaomi/Works/tic-tac-toe/src/components/views/TurnView.ts","statementMap":{"0":{"start":{"line":1,"column":0},"end":{"line":1,"column":53}},"1":{"start":{"line":2,"column":0},"end":{"line":2,"column":55}},"2":{"start":{"line":3,"column":0},"end":{"line":3,"column":55}},"3":{"start":{"line":7,"column":17},"end":{"line":11,"column":1}},"4":{"start":{"line":8,"column":2},"end":{"line":10,"column":null}},"5":{"start":{"line":13,"column":9},"end":{"line":13,"column":17}}},"fnMap":{"0":{"name":"(anonymous_0)","decl":{"start":{"line":7,"column":17},"end":{"line":7,"column":18}},"loc":{"start":{"line":7,"column":77},"end":{"line":11,"column":1}}}},"branchMap":{"0":{"loc":{"start":{"line":9,"column":4},"end":{"line":9,"column":null}},"type":"cond-expr","locations":[{"start":{"line":9,"column":20},"end":{"line":9,"column":54}},{"start":{"line":9,"column":57},"end":{"line":9,"column":null}}]}},"s":{"0":2,"1":2,"2":2,"3":2,"4":257,"5":2},"f":{"0":257},"b":{"0":[19,238]}}
,"/Users/kageyamatadaomi/Works/tic-tac-toe/src/components/views/index.ts": {"path":"/Users/kageyamatadaomi/Works/tic-tac-toe/src/components/views/index.ts","statementMap":{"0":{"start":{"line":1,"column":0},"end":{"line":1,"column":9}},"1":{"start":{"line":5,"column":9},"end":{"line":1,"column":41}},"2":{"start":{"line":2,"column":0},"end":{"line":2,"column":9}},"3":{"start":{"line":5,"column":21},"end":{"line":2,"column":39}},"4":{"start":{"line":3,"column":0},"end":{"line":3,"column":9}},"5":{"start":{"line":5,"column":32},"end":{"line":3,"column":37}}},"fnMap":{"0":{"name":"(anonymous_0)","decl":{"start":{"line":5,"column":9},"end":{"line":5,"column":19}},"loc":{"start":{"line":5,"column":9},"end":{"line":1,"column":41}}},"1":{"name":"(anonymous_1)","decl":{"start":{"line":5,"column":21},"end":{"line":5,"column":30}},"loc":{"start":{"line":5,"column":21},"end":{"line":2,"column":39}}},"2":{"name":"(anonymous_2)","decl":{"start":{"line":5,"column":32},"end":{"line":5,"column":40}},"loc":{"start":{"line":5,"column":32},"end":{"line":3,"column":37}}}},"branchMap":{},"s":{"0":2,"1":30,"2":2,"3":16,"4":2,"5":259},"f":{"0":28,"1":14,"2":257},"b":{}}
,"/Users/kageyamatadaomi/Works/tic-tac-toe/src/io/index.ts": {"path":"/Users/kageyamatadaomi/Works/tic-tac-toe/src/io/index.ts","statementMap":{"0":{"start":{"line":1,"column":0},"end":{"line":1,"column":39}},"1":{"start":{"line":2,"column":0},"end":{"line":2,"column":49}},"2":{"start":{"line":4,"column":0},"end":{"line":4,"column":31}},"3":{"start":{"line":5,"column":0},"end":{"line":5,"column":null}},"4":{"start":{"line":7,"column":0},"end":{"line":9,"column":null}},"5":{"start":{"line":8,"column":2},"end":{"line":8,"column":null}},"6":{"start":{"line":11,"column":21},"end":{"line":78,"column":1}},"7":{"start":{"line":12,"column":2},"end":{"line":12,"column":null}},"8":{"start":{"line":14,"column":17},"end":{"line":14,"column":45}},"9":{"start":{"line":15,"column":13},"end":{"line":15,"column":15}},"10":{"start":{"line":17,"column":16},"end":{"line":19,"column":3}},"11":{"start":{"line":18,"column":4},"end":{"line":18,"column":null}},"12":{"start":{"line":21,"column":16},"end":{"line":24,"column":3}},"13":{"start":{"line":22,"column":4},"end":{"line":22,"column":null}},"14":{"start":{"line":23,"column":4},"end":{"line":23,"column":null}},"15":{"start":{"line":26,"column":20},"end":{"line":45,"column":3}},"16":{"start":{"line":27,"column":4},"end":{"line":29,"column":null}},"17":{"start":{"line":28,"column":6},"end":{"line":28,"column":null}},"18":{"start":{"line":30,"column":4},"end":{"line":32,"column":null}},"19":{"start":{"line":31,"column":6},"end":{"line":31,"column":null}},"20":{"start":{"line":33,"column":4},"end":{"line":42,"column":null}},"21":{"start":{"line":34,"column":28},"end":{"line":34,"column":76}},"22":{"start":{"line":35,"column":6},"end":{"line":40,"column":null}},"23":{"start":{"line":36,"column":8},"end":{"line":36,"column":null}},"24":{"start":{"line":37,"column":8},"end":{"line":37,"column":14}},"25":{"start":{"line":39,"column":8},"end":{"line":39,"column":null}},"26":{"start":{"line":41,"column":6},"end":{"line":41,"column":null}},"27":{"start":{"line":43,"column":4},"end":{"line":43,"column":null}},"28":{"start":{"line":44,"column":4},"end":{"line":44,"column":null}},"29":{"start":{"line":44,"column":22},"end":{"line":44,"column":null}},"30":{"start":{"line":46,"column":2},"end":{"line":46,"column":null}},"31":{"start":{"line":48,"column":2},"end":{"line":77,"column":null}},"32":{"start":{"line":49,"column":51},"end":{"line":49,"column":69}},"33":{"start":{"line":50,"column":53},"end":{"line":50,"column":72}},"34":{"start":{"line":52,"column":6},"end":{"line":52,"column":null}},"35":{"start":{"line":55,"column":6},"end":{"line":55,"column":null}},"36":{"start":{"line":58,"column":6},"end":{"line":58,"column":null}},"37":{"start":{"line":61,"column":6},"end":{"line":61,"column":null}},"38":{"start":{"line":64,"column":6},"end":{"line":64,"column":null}},"39":{"start":{"line":65,"column":6},"end":{"line":69,"column":null}},"40":{"start":{"line":66,"column":8},"end":{"line":68,"column":null}},"41":{"start":{"line":67,"column":10},"end":{"line":67,"column":null}},"42":{"start":{"line":72,"column":6},"end":{"line":72,"column":null}},"43":{"start":{"line":75,"column":6},"end":{"line":75,"column":null}},"44":{"start":{"line":80,"column":9},"end":{"line":80,"column":21}}},"fnMap":{"0":{"name":"(anonymous_8)","decl":{"start":{"line":11,"column":21},"end":{"line":11,"column":28}},"loc":{"start":{"line":11,"column":30},"end":{"line":78,"column":1}}},"1":{"name":"(anonymous_9)","decl":{"start":{"line":17,"column":16},"end":{"line":17,"column":17}},"loc":{"start":{"line":17,"column":42},"end":{"line":19,"column":3}}},"2":{"name":"(anonymous_10)","decl":{"start":{"line":21,"column":16},"end":{"line":21,"column":25}},"loc":{"start":{"line":21,"column":27},"end":{"line":24,"column":3}}},"3":{"name":"(anonymous_11)","decl":{"start":{"line":26,"column":20},"end":{"line":26,"column":21}},"loc":{"start":{"line":26,"column":42},"end":{"line":45,"column":3}}},"4":{"name":"(anonymous_12)","decl":{"start":{"line":49,"column":8},"end":{"line":49,"column":9}},"loc":{"start":{"line":49,"column":51},"end":{"line":49,"column":69}}},"5":{"name":"(anonymous_13)","decl":{"start":{"line":50,"column":9},"end":{"line":50,"column":10}},"loc":{"start":{"line":50,"column":53},"end":{"line":50,"column":72}}},"6":{"name":"(anonymous_14)","decl":{"start":{"line":51,"column":10},"end":{"line":51,"column":13}},"loc":{"start":{"line":51,"column":15},"end":{"line":53,"column":5}}},"7":{"name":"(anonymous_15)","decl":{"start":{"line":54,"column":11},"end":{"line":54,"column":14}},"loc":{"start":{"line":54,"column":16},"end":{"line":56,"column":5}}},"8":{"name":"(anonymous_16)","decl":{"start":{"line":57,"column":11},"end":{"line":57,"column":14}},"loc":{"start":{"line":57,"column":16},"end":{"line":59,"column":5}}},"9":{"name":"(anonymous_17)","decl":{"start":{"line":60,"column":28},"end":{"line":60,"column":31}},"loc":{"start":{"line":60,"column":33},"end":{"line":62,"column":5}}},"10":{"name":"(anonymous_18)","decl":{"start":{"line":63,"column":10},"end":{"line":63,"column":23}},"loc":{"start":{"line":63,"column":23},"end":{"line":70,"column":null}}},"11":{"name":"(anonymous_20)","decl":{"start":{"line":65,"column":39},"end":{"line":65,"column":46}},"loc":{"start":{"line":65,"column":49},"end":{"line":69,"column":7}}},"12":{"name":"(anonymous_21)","decl":{"start":{"line":66,"column":52},"end":{"line":66,"column":56}},"loc":{"start":{"line":66,"column":59},"end":{"line":68,"column":9}}},"13":{"name":"(anonymous_22)","decl":{"start":{"line":71,"column":11},"end":{"line":71,"column":12}},"loc":{"start":{"line":71,"column":31},"end":{"line":73,"column":5}}},"14":{"name":"(anonymous_23)","decl":{"start":{"line":74,"column":13},"end":{"line":74,"column":14}},"loc":{"start":{"line":74,"column":33},"end":{"line":76,"column":5}}}},"branchMap":{"0":{"loc":{"start":{"line":7,"column":0},"end":{"line":9,"column":null}},"type":"if","locations":[{"start":{"line":7,"column":0},"end":{"line":9,"column":null}}]},"1":{"loc":{"start":{"line":27,"column":4},"end":{"line":29,"column":null}},"type":"if","locations":[{"start":{"line":27,"column":4},"end":{"line":29,"column":null}}]},"2":{"loc":{"start":{"line":30,"column":4},"end":{"line":32,"column":null}},"type":"if","locations":[{"start":{"line":30,"column":4},"end":{"line":32,"column":null}}]},"3":{"loc":{"start":{"line":33,"column":4},"end":{"line":42,"column":null}},"type":"if","locations":[{"start":{"line":33,"column":4},"end":{"line":42,"column":null}}]},"4":{"loc":{"start":{"line":33,"column":8},"end":{"line":33,"column":36}},"type":"binary-expr","locations":[{"start":{"line":33,"column":8},"end":{"line":33,"column":20}},{"start":{"line":33,"column":24},"end":{"line":33,"column":36}}]},"5":{"loc":{"start":{"line":35,"column":6},"end":{"line":40,"column":null}},"type":"if","locations":[{"start":{"line":35,"column":6},"end":{"line":40,"column":null}},{"start":{"line":38,"column":13},"end":{"line":40,"column":null}}]},"6":{"loc":{"start":{"line":44,"column":4},"end":{"line":44,"column":null}},"type":"if","locations":[{"start":{"line":44,"column":4},"end":{"line":44,"column":null}}]}},"s":{"0":3,"1":3,"2":3,"3":3,"4":3,"5":0,"6":3,"7":2,"8":2,"9":2,"10":2,"11":842,"12":2,"13":295,"14":295,"15":2,"16":752,"17":5,"18":748,"19":13,"20":748,"21":205,"22":205,"23":13,"24":13,"25":192,"26":192,"27":735,"28":735,"29":550,"30":2,"31":2,"32":7,"33":1,"34":5,"35":2,"36":295,"37":79,"38":38,"39":38,"40":38,"41":13,"42":290,"43":2,"44":3},"f":{"0":2,"1":842,"2":295,"3":752,"4":7,"5":1,"6":5,"7":2,"8":295,"9":79,"10":38,"11":38,"12":13,"13":290,"14":2},"b":{"0":[0],"1":[5],"2":[13],"3":[205],"4":[748,741],"5":[13,192],"6":[550]}}
,"/Users/kageyamatadaomi/Works/tic-tac-toe/src/store/helper.ts": {"path":"/Users/kageyamatadaomi/Works/tic-tac-toe/src/store/helper.ts","statementMap":{"0":{"start":{"line":8,"column":21},"end":{"line":12,"column":1}},"1":{"start":{"line":11,"column":2},"end":{"line":11,"column":null}},"2":{"start":{"line":11,"column":29},"end":{"line":11,"column":46}},"3":{"start":{"line":54,"column":9},"end":{"line":54,"column":21}},"4":{"start":{"line":14,"column":29},"end":{"line":31,"column":1}},"5":{"start":{"line":15,"column":30},"end":{"line":15,"column":34}},"6":{"start":{"line":16,"column":2},"end":{"line":25,"column":null}},"7":{"start":{"line":16,"column":15},"end":{"line":16,"column":16}},"8":{"start":{"line":17,"column":4},"end":{"line":20,"column":null}},"9":{"start":{"line":18,"column":6},"end":{"line":18,"column":null}},"10":{"start":{"line":19,"column":6},"end":{"line":19,"column":11}},"11":{"start":{"line":21,"column":4},"end":{"line":24,"column":null}},"12":{"start":{"line":22,"column":6},"end":{"line":22,"column":null}},"13":{"start":{"line":23,"column":6},"end":{"line":23,"column":11}},"14":{"start":{"line":26,"column":2},"end":{"line":27,"column":null}},"15":{"start":{"line":27,"column":4},"end":{"line":27,"column":null}},"16":{"start":{"line":28,"column":2},"end":{"line":29,"column":null}},"17":{"start":{"line":29,"column":4},"end":{"line":29,"column":null}},"18":{"start":{"line":30,"column":2},"end":{"line":30,"column":null}},"19":{"start":{"line":54,"column":35},"end":{"line":54,"column":44}},"20":{"start":{"line":33,"column":31},"end":{"line":36,"column":1}},"21":{"start":{"line":34,"column":2},"end":{"line":34,"column":null}},"22":{"start":{"line":34,"column":25},"end":{"line":34,"column":56}},"23":{"start":{"line":34,"column":43},"end":{"line":34,"column":55}},"24":{"start":{"line":34,"column":59},"end":{"line":34,"column":null}},"25":{"start":{"line":35,"column":2},"end":{"line":35,"column":null}},"26":{"start":{"line":54,"column":23},"end":{"line":54,"column":33}},"27":{"start":{"line":38,"column":16},"end":{"line":50,"column":1}},"28":{"start":{"line":39,"column":33},"end":{"line":39,"column":41}},"29":{"start":{"line":40,"column":19},"end":{"line":40,"column":32}},"30":{"start":{"line":41,"column":19},"end":{"line":41,"column":32}},"31":{"start":{"line":44,"column":21},"end":{"line":44,"column":46}},"32":{"start":{"line":45,"column":2},"end":{"line":46,"column":null}},"33":{"start":{"line":46,"column":4},"end":{"line":46,"column":null}},"34":{"start":{"line":47,"column":16},"end":{"line":47,"column":61}},"35":{"start":{"line":47,"column":42},"end":{"line":47,"column":50}},"36":{"start":{"line":48,"column":2},"end":{"line":48,"column":null}},"37":{"start":{"line":49,"column":2},"end":{"line":49,"column":null}},"38":{"start":{"line":54,"column":46},"end":{"line":54,"column":53}},"39":{"start":{"line":52,"column":16},"end":{"line":52,"column":61}},"40":{"start":{"line":52,"column":38},"end":{"line":52,"column":61}},"41":{"start":{"line":54,"column":55},"end":{"line":54,"column":62}}},"fnMap":{"0":{"name":"(anonymous_0)","decl":{"start":{"line":8,"column":21},"end":{"line":8,"column":null}},"loc":{"start":{"line":10,"column":13},"end":{"line":12,"column":1}}},"1":{"name":"(anonymous_1)","decl":{"start":{"line":11,"column":21},"end":{"line":11,"column":25}},"loc":{"start":{"line":11,"column":29},"end":{"line":11,"column":46}}},"2":{"name":"(anonymous_2)","decl":{"start":{"line":14,"column":29},"end":{"line":14,"column":34}},"loc":{"start":{"line":14,"column":37},"end":{"line":31,"column":1}}},"3":{"name":"(anonymous_3)","decl":{"start":{"line":33,"column":31},"end":{"line":33,"column":36}},"loc":{"start":{"line":33,"column":39},"end":{"line":36,"column":1}}},"4":{"name":"(anonymous_4)","decl":{"start":{"line":34,"column":18},"end":{"line":34,"column":21}},"loc":{"start":{"line":34,"column":25},"end":{"line":34,"column":56}}},"5":{"name":"(anonymous_5)","decl":{"start":{"line":34,"column":35},"end":{"line":34,"column":39}},"loc":{"start":{"line":34,"column":43},"end":{"line":34,"column":55}}},"6":{"name":"(anonymous_6)","decl":{"start":{"line":38,"column":16},"end":{"line":38,"column":17}},"loc":{"start":{"line":38,"column":74},"end":{"line":50,"column":1}}},"7":{"name":"(anonymous_7)","decl":{"start":{"line":47,"column":35},"end":{"line":47,"column":38}},"loc":{"start":{"line":47,"column":42},"end":{"line":47,"column":50}}},"8":{"name":"(anonymous_8)","decl":{"start":{"line":52,"column":16},"end":{"line":52,"column":20}},"loc":{"start":{"line":52,"column":38},"end":{"line":52,"column":61}}}},"branchMap":{"0":{"loc":{"start":{"line":17,"column":4},"end":{"line":20,"column":null}},"type":"if","locations":[{"start":{"line":17,"column":4},"end":{"line":20,"column":null}}]},"1":{"loc":{"start":{"line":21,"column":4},"end":{"line":24,"column":null}},"type":"if","locations":[{"start":{"line":21,"column":4},"end":{"line":24,"column":null}}]},"2":{"loc":{"start":{"line":26,"column":2},"end":{"line":27,"column":null}},"type":"if","locations":[{"start":{"line":26,"column":2},"end":{"line":27,"column":null}}]},"3":{"loc":{"start":{"line":28,"column":2},"end":{"line":29,"column":null}},"type":"if","locations":[{"start":{"line":28,"column":2},"end":{"line":29,"column":null}}]},"4":{"loc":{"start":{"line":34,"column":2},"end":{"line":34,"column":null}},"type":"if","locations":[{"start":{"line":34,"column":2},"end":{"line":34,"column":null}}]},"5":{"loc":{"start":{"line":45,"column":2},"end":{"line":46,"column":null}},"type":"if","locations":[{"start":{"line":45,"column":2},"end":{"line":46,"column":null}}]},"6":{"loc":{"start":{"line":45,"column":6},"end":{"line":45,"column":52}},"type":"binary-expr","locations":[{"start":{"line":45,"column":6},"end":{"line":45,"column":30}},{"start":{"line":45,"column":34},"end":{"line":45,"column":52}}]}},"s":{"0":4,"1":2735,"2":6493,"3":4,"4":4,"5":480,"6":480,"7":480,"8":1041,"9":316,"10":316,"11":725,"12":91,"13":91,"14":480,"15":56,"16":480,"17":211,"18":480,"19":4,"20":4,"21":401,"22":560,"23":1271,"24":13,"25":388,"26":4,"27":4,"28":192,"29":192,"30":192,"31":192,"32":186,"33":4,"34":182,"35":546,"36":182,"37":182,"38":4,"39":4,"40":701,"41":4},"f":{"0":2735,"1":6493,"2":480,"3":401,"4":560,"5":1271,"6":192,"7":546,"8":701},"b":{"0":[316],"1":[91],"2":[56],"3":[211],"4":[13],"5":[4],"6":[186,185]}}
,"/Users/kageyamatadaomi/Works/tic-tac-toe/src/store/index.ts": {"path":"/Users/kageyamatadaomi/Works/tic-tac-toe/src/store/index.ts","statementMap":{"0":{"start":{"line":16,"column":20},"end":{"line":57,"column":1}},"1":{"start":{"line":17,"column":31},"end":{"line":17,"column":36}},"2":{"start":{"line":19,"column":30},"end":{"line":24,"column":3}},"3":{"start":{"line":23,"column":4},"end":{"line":23,"column":null}},"4":{"start":{"line":23,"column":17},"end":{"line":23,"column":36}},"5":{"start":{"line":25,"column":22},"end":{"line":25,"column":null}},"6":{"start":{"line":28,"column":26},"end":{"line":33,"column":27}},"7":{"start":{"line":29,"column":4},"end":{"line":31,"column":null}},"8":{"start":{"line":35,"column":30},"end":{"line":41,"column":3}},"9":{"start":{"line":38,"column":4},"end":{"line":40,"column":null}},"10":{"start":{"line":39,"column":6},"end":{"line":39,"column":null}},"11":{"start":{"line":42,"column":22},"end":{"line":42,"column":null}},"12":{"start":{"line":45,"column":26},"end":{"line":50,"column":27}},"13":{"start":{"line":46,"column":4},"end":{"line":48,"column":null}},"14":{"start":{"line":52,"column":2},"end":{"line":56,"column":null}},"15":{"start":{"line":53,"column":17},"end":{"line":53,"column":28}},"16":{"start":{"line":59,"column":9},"end":{"line":59,"column":20}}},"fnMap":{"0":{"name":"(anonymous_0)","decl":{"start":{"line":16,"column":20},"end":{"line":16,"column":21}},"loc":{"start":{"line":16,"column":52},"end":{"line":57,"column":1}}},"1":{"name":"(anonymous_1)","decl":{"start":{"line":19,"column":30},"end":{"line":19,"column":null}},"loc":{"start":{"line":21,"column":29},"end":{"line":24,"column":3}}},"2":{"name":"(anonymous_2)","decl":{"start":{"line":23,"column":11},"end":{"line":23,"column":14}},"loc":{"start":{"line":23,"column":17},"end":{"line":23,"column":36}}},"3":{"name":"(anonymous_3)","decl":{"start":{"line":28,"column":45},"end":{"line":28,"column":46}},"loc":{"start":{"line":28,"column":58},"end":{"line":33,"column":3}}},"4":{"name":"(anonymous_4)","decl":{"start":{"line":35,"column":30},"end":{"line":35,"column":null}},"loc":{"start":{"line":37,"column":48},"end":{"line":41,"column":3}}},"5":{"name":"(anonymous_5)","decl":{"start":{"line":38,"column":11},"end":{"line":38,"column":12}},"loc":{"start":{"line":38,"column":23},"end":{"line":40,"column":5}}},"6":{"name":"(anonymous_6)","decl":{"start":{"line":45,"column":45},"end":{"line":45,"column":46}},"loc":{"start":{"line":45,"column":58},"end":{"line":50,"column":3}}},"7":{"name":"(anonymous_7)","decl":{"start":{"line":53,"column":11},"end":{"line":53,"column":14}},"loc":{"start":{"line":53,"column":17},"end":{"line":53,"column":28}}}},"branchMap":{},"s":{"0":2,"1":2,"2":2,"3":10,"4":747,"5":2,"6":2,"7":10,"8":2,"9":6,"10":273,"11":2,"12":2,"13":6,"14":2,"15":5,"16":2},"f":{"0":2,"1":10,"2":747,"3":10,"4":6,"5":273,"6":6,"7":5},"b":{}}
,"/Users/kageyamatadaomi/Works/tic-tac-toe/src/store/store.ts": {"path":"/Users/kageyamatadaomi/Works/tic-tac-toe/src/store/store.ts","statementMap":{"0":{"start":{"line":2,"column":0},"end":{"line":2,"column":41}},"1":{"start":{"line":4,"column":0},"end":{"line":4,"column":66}},"2":{"start":{"line":6,"column":19},"end":{"line":8,"column":1}},"3":{"start":{"line":7,"column":2},"end":{"line":7,"column":null}},"4":{"start":{"line":10,"column":21},"end":{"line":13,"column":null}},"5":{"start":{"line":81,"column":16},"end":{"line":81,"column":28}},"6":{"start":{"line":15,"column":21},"end":{"line":79,"column":null}},"7":{"start":{"line":19,"column":26},"end":{"line":19,"column":31}},"8":{"start":{"line":20,"column":20},"end":{"line":23,"column":null}},"9":{"start":{"line":24,"column":6},"end":{"line":27,"column":null}},"10":{"start":{"line":25,"column":23},"end":{"line":25,"column":39}},"11":{"start":{"line":26,"column":8},"end":{"line":26,"column":null}},"12":{"start":{"line":26,"column":28},"end":{"line":26,"column":null}},"13":{"start":{"line":28,"column":6},"end":{"line":28,"column":null}},"14":{"start":{"line":31,"column":6},"end":{"line":31,"column":null}},"15":{"start":{"line":34,"column":26},"end":{"line":34,"column":31}},"16":{"start":{"line":35,"column":6},"end":{"line":35,"column":null}},"17":{"start":{"line":38,"column":26},"end":{"line":38,"column":31}},"18":{"start":{"line":39,"column":27},"end":{"line":39,"column":50}},"19":{"start":{"line":40,"column":6},"end":{"line":40,"column":null}},"20":{"start":{"line":43,"column":26},"end":{"line":43,"column":31}},"21":{"start":{"line":44,"column":27},"end":{"line":44,"column":50}},"22":{"start":{"line":45,"column":6},"end":{"line":45,"column":null}},"23":{"start":{"line":50,"column":38},"end":{"line":50,"column":43}},"24":{"start":{"line":51,"column":27},"end":{"line":51,"column":50}},"25":{"start":{"line":52,"column":6},"end":{"line":52,"column":null}},"26":{"start":{"line":52,"column":36},"end":{"line":52,"column":null}},"27":{"start":{"line":54,"column":27},"end":{"line":54,"column":70}},"28":{"start":{"line":55,"column":21},"end":{"line":55,"column":72}},"29":{"start":{"line":56,"column":6},"end":{"line":59,"column":null}},"30":{"start":{"line":63,"column":26},"end":{"line":63,"column":31}},"31":{"start":{"line":64,"column":27},"end":{"line":64,"column":50}},"32":{"start":{"line":65,"column":6},"end":{"line":65,"column":null}},"33":{"start":{"line":65,"column":37},"end":{"line":65,"column":null}},"34":{"start":{"line":67,"column":21},"end":{"line":67,"column":44}},"35":{"start":{"line":68,"column":25},"end":{"line":68,"column":72}},"36":{"start":{"line":69,"column":6},"end":{"line":72,"column":null}},"37":{"start":{"line":76,"column":6},"end":{"line":76,"column":null}},"38":{"start":{"line":81,"column":9},"end":{"line":81,"column":14}}},"fnMap":{"0":{"name":"(anonymous_0)","decl":{"start":{"line":6,"column":19},"end":{"line":6,"column":29}},"loc":{"start":{"line":6,"column":31},"end":{"line":8,"column":1}}},"1":{"name":"(anonymous_1)","decl":{"start":{"line":18,"column":11},"end":{"line":18,"column":16}},"loc":{"start":{"line":18,"column":19},"end":{"line":29,"column":5}}},"2":{"name":"(anonymous_2)","decl":{"start":{"line":24,"column":22},"end":{"line":24,"column":27}},"loc":{"start":{"line":24,"column":30},"end":{"line":27,"column":7}}},"3":{"name":"(anonymous_3)","decl":{"start":{"line":30,"column":16},"end":{"line":30,"column":21}},"loc":{"start":{"line":30,"column":24},"end":{"line":32,"column":5}}},"4":{"name":"(anonymous_4)","decl":{"start":{"line":33,"column":18},"end":{"line":33,"column":23}},"loc":{"start":{"line":33,"column":26},"end":{"line":36,"column":5}}},"5":{"name":"(anonymous_5)","decl":{"start":{"line":37,"column":28},"end":{"line":37,"column":33}},"loc":{"start":{"line":37,"column":36},"end":{"line":41,"column":5}}},"6":{"name":"(anonymous_6)","decl":{"start":{"line":42,"column":26},"end":{"line":42,"column":31}},"loc":{"start":{"line":42,"column":34},"end":{"line":46,"column":5}}},"7":{"name":"(anonymous_7)","decl":{"start":{"line":49,"column":13},"end":{"line":49,"column":14}},"loc":{"start":{"line":49,"column":33},"end":{"line":61,"column":5}}},"8":{"name":"(anonymous_8)","decl":{"start":{"line":62,"column":19},"end":{"line":62,"column":24}},"loc":{"start":{"line":62,"column":27},"end":{"line":74,"column":5}}},"9":{"name":"(anonymous_9)","decl":{"start":{"line":75,"column":11},"end":{"line":75,"column":16}},"loc":{"start":{"line":75,"column":19},"end":{"line":77,"column":5}}}},"branchMap":{"0":{"loc":{"start":{"line":26,"column":8},"end":{"line":26,"column":null}},"type":"if","locations":[{"start":{"line":26,"column":8},"end":{"line":26,"column":null}}]},"1":{"loc":{"start":{"line":52,"column":6},"end":{"line":52,"column":null}},"type":"if","locations":[{"start":{"line":52,"column":6},"end":{"line":52,"column":null}}]},"2":{"loc":{"start":{"line":55,"column":21},"end":{"line":55,"column":72}},"type":"cond-expr","locations":[{"start":{"line":55,"column":49},"end":{"line":55,"column":59}},{"start":{"line":55,"column":62},"end":{"line":55,"column":72}}]},"3":{"loc":{"start":{"line":65,"column":6},"end":{"line":65,"column":null}},"type":"if","locations":[{"start":{"line":65,"column":6},"end":{"line":65,"column":null}}]},"4":{"loc":{"start":{"line":68,"column":25},"end":{"line":68,"column":72}},"type":"cond-expr","locations":[{"start":{"line":68,"column":49},"end":{"line":68,"column":59}},{"start":{"line":68,"column":62},"end":{"line":68,"column":72}}]}},"s":{"0":3,"1":3,"2":3,"3":17,"4":3,"5":3,"6":3,"7":17,"8":17,"9":17,"10":25,"11":25,"12":17,"13":17,"14":254,"15":281,"16":281,"17":180,"18":180,"19":180,"20":34,"21":34,"22":34,"23":187,"24":187,"25":187,"26":2,"27":185,"28":178,"29":178,"30":15,"31":15,"32":15,"33":1,"34":14,"35":14,"36":14,"37":80,"38":3},"f":{"0":17,"1":17,"2":25,"3":254,"4":281,"5":180,"6":34,"7":187,"8":15,"9":80},"b":{"0":[17],"1":[2],"2":[101,77],"3":[1],"4":[8,6]}}
,"/Users/kageyamatadaomi/Works/tic-tac-toe/src/types/Player.ts": {"path":"/Users/kageyamatadaomi/Works/tic-tac-toe/src/types/Player.ts","statementMap":{"0":{"start":{"line":1,"column":16},"end":{"line":1,"column":35}},"1":{"start":{"line":6,"column":9},"end":{"line":6,"column":16}}},"fnMap":{},"branchMap":{},"s":{"0":3,"1":3},"f":{},"b":{}}
,"/Users/kageyamatadaomi/Works/tic-tac-toe/src/types/Position.ts": {"path":"/Users/kageyamatadaomi/Works/tic-tac-toe/src/types/Position.ts","statementMap":{"0":{"start":{"line":3,"column":19},"end":{"line":7,"column":1}},"1":{"start":{"line":4,"column":2},"end":{"line":4,"column":null}},"2":{"start":{"line":4,"column":30},"end":{"line":4,"column":null}},"3":{"start":{"line":5,"column":2},"end":{"line":5,"column":null}},"4":{"start":{"line":5,"column":27},"end":{"line":5,"column":null}},"5":{"start":{"line":6,"column":2},"end":{"line":6,"column":null}},"6":{"start":{"line":6,"column":30},"end":{"line":6,"column":54}},"7":{"start":{"line":10,"column":9},"end":{"line":10,"column":19}}},"fnMap":{"0":{"name":"(anonymous_0)","decl":{"start":{"line":3,"column":19},"end":{"line":3,"column":20}},"loc":{"start":{"line":3,"column":59},"end":{"line":7,"column":1}}},"1":{"name":"(anonymous_1)","decl":{"start":{"line":6,"column":22},"end":{"line":6,"column":26}},"loc":{"start":{"line":6,"column":30},"end":{"line":6,"column":54}}}},"branchMap":{"0":{"loc":{"start":{"line":4,"column":2},"end":{"line":4,"column":null}},"type":"if","locations":[{"start":{"line":4,"column":2},"end":{"line":4,"column":null}}]},"1":{"loc":{"start":{"line":5,"column":2},"end":{"line":5,"column":null}},"type":"if","locations":[{"start":{"line":5,"column":2},"end":{"line":5,"column":null}}]}},"s":{"0":1,"1":185,"2":0,"3":185,"4":13,"5":172,"6":344,"7":1},"f":{"0":185,"1":344},"b":{"0":[0],"1":[13]}}
}
