TN:
SF:src/display.ts
FN:13,(anonymous_0)
FN:14,(anonymous_1)
FN:19,(anonymous_2)
FN:23,(anonymous_3)
FN:27,(anonymous_4)
FNF:5
FNH:5
FNDA:1,(anonymous_0)
FNDA:5,(anonymous_1)
FNDA:3,(anonymous_2)
FNDA:1,(anonymous_3)
FNDA:1,(anonymous_4)
DA:1,1
DA:13,1
DA:14,1
DA:15,5
DA:16,5
DA:18,1
DA:20,3
DA:21,3
DA:24,1
DA:25,1
DA:28,1
DA:29,1
DA:34,1
LF:13
LH:13
BRF:0
BRH:0
end_of_record
TN:
SF:src/__factories__/store/helper.ts
FN:184,(anonymous_0)
FN:187,(anonymous_1)
FN:187,(anonymous_2)
FNF:3
FNH:3
FNDA:19,(anonymous_0)
FNDA:57,(anonymous_1)
FNDA:171,(anonymous_2)
DA:10,1
DA:184,19
DA:187,171
DA:191,1
DA:230,1
DA:256,1
DA:372,1
DA:373,1
DA:374,1
DA:375,1
LF:10
LH:10
BRDA:187,0,0,92
BRDA:187,0,1,79
BRDA:187,1,0,171
BRDA:187,1,1,92
BRF:4
BRH:4
end_of_record
TN:
SF:src/components/elements/BackToGameMessage.ts
FN:3,(anonymous_0)
FNF:1
FNH:1
FNDA:5,(anonymous_0)
DA:1,2
DA:3,2
DA:4,5
DA:6,2
LF:4
LH:4
BRF:0
BRH:0
end_of_record
TN:
SF:src/components/elements/DrawMessage.ts
FN:3,(anonymous_0)
FNF:1
FNH:1
FNDA:4,(anonymous_0)
DA:1,2
DA:3,2
DA:4,4
DA:7,2
LF:4
LH:4
BRF:0
BRH:0
end_of_record
TN:
SF:src/components/elements/ErrorMessage.ts
FN:3,(anonymous_0)
FNF:1
FNH:1
FNDA:6,(anonymous_0)
DA:1,2
DA:3,2
DA:4,6
DA:9,2
LF:4
LH:4
BRDA:5,0,0,3
BRDA:5,0,1,3
BRDA:5,1,0,6
BRDA:5,1,1,6
BRF:4
BRH:4
end_of_record
TN:
SF:src/components/elements/InputMessage.ts
FN:4,(anonymous_0)
FNF:1
FNH:1
FNDA:9,(anonymous_0)
DA:2,2
DA:4,2
DA:5,9
DA:8,2
LF:4
LH:4
BRF:0
BRH:0
end_of_record
TN:
SF:src/components/elements/MessageEdge.ts
FN:1,(anonymous_0)
FNF:1
FNH:1
FNDA:35,(anonymous_0)
DA:1,35
DA:3,6
LF:2
LH:2
BRF:0
BRH:0
end_of_record
TN:
SF:src/components/elements/SimpleBoard.ts
FN:3,(anonymous_0)
FN:5,(anonymous_1)
FN:6,(anonymous_2)
FNF:3
FNH:3
FNDA:9,(anonymous_0)
FNDA:27,(anonymous_1)
FNDA:81,(anonymous_2)
DA:3,2
DA:4,9
DA:6,81
DA:11,2
LF:4
LH:4
BRDA:6,0,0,6
BRDA:6,0,1,75
BRDA:6,1,0,81
BRDA:6,1,1,6
BRF:4
BRH:4
end_of_record
TN:
SF:src/components/elements/SimpleStats.ts
FN:3,(anonymous_0)
FN:5,(anonymous_1)
FNF:2
FNH:2
FNDA:5,(anonymous_0)
FNDA:10,(anonymous_1)
DA:3,2
DA:4,5
DA:5,10
DA:7,5
DA:10,2
LF:5
LH:5
BRF:0
BRH:0
end_of_record
TN:
SF:src/components/elements/VictoryMessage.ts
FN:4,(anonymous_0)
FNF:1
FNH:1
FNDA:6,(anonymous_0)
DA:2,2
DA:4,2
DA:5,6
DA:8,2
LF:4
LH:4
BRF:0
BRH:0
end_of_record
TN:
SF:src/components/views/ResultView.ts
FN:7,(anonymous_0)
FNF:1
FNH:1
FNDA:2,(anonymous_0)
DA:1,1
DA:2,1
DA:3,1
DA:7,1
DA:8,2
DA:13,1
LF:6
LH:6
BRDA:9,0,0,2
BRDA:9,0,1,0
BRF:2
BRH:1
end_of_record
TN:
SF:src/components/views/StatsView.ts
FN:5,(anonymous_0)
FNF:1
FNH:1
FNDA:2,(anonymous_0)
DA:1,1
DA:2,1
DA:5,1
DA:6,2
DA:9,1
LF:5
LH:5
BRF:0
BRH:0
end_of_record
TN:
SF:src/components/views/TurnView.ts
FN:7,(anonymous_0)
FNF:1
FNH:1
FNDA:5,(anonymous_0)
DA:1,1
DA:2,1
DA:3,1
DA:7,1
DA:8,5
DA:13,1
LF:6
LH:6
BRDA:9,0,0,2
BRDA:9,0,1,3
BRF:2
BRH:2
end_of_record
TN:
SF:src/components/views/index.ts
FN:5,(anonymous_0)
FN:5,(anonymous_1)
FN:5,(anonymous_2)
FNF:3
FNH:3
FNDA:2,(anonymous_0)
FNDA:2,(anonymous_1)
FNDA:5,(anonymous_2)
DA:1,1
DA:2,1
DA:3,1
DA:5,6
LF:4
LH:4
BRF:0
BRH:0
end_of_record
TN:
SF:src/io/index.ts
FN:7,(anonymous_8)
FN:14,(anonymous_9)
FN:23,(anonymous_10)
FN:35,(anonymous_11)
FN:45,(anonymous_12)
FN:46,(anonymous_13)
FN:47,(anonymous_14)
FN:51,(anonymous_15)
FN:56,(anonymous_16)
FN:57,(anonymous_17)
FN:60,(anonymous_18)
FN:62,(anonymous_20)
FN:63,(anonymous_21)
FN:68,(anonymous_22)
FN:69,(anonymous_23)
FNF:15
FNH:10
FNDA:1,(anonymous_8)
FNDA:7,(anonymous_9)
FNDA:19,(anonymous_10)
FNDA:2,(anonymous_11)
FNDA:4,(anonymous_12)
FNDA:1,(anonymous_13)
FNDA:1,(anonymous_14)
FNDA:1,(anonymous_15)
FNDA:1,(anonymous_16)
FNDA:0,(anonymous_17)
FNDA:0,(anonymous_18)
FNDA:0,(anonymous_20)
FNDA:0,(anonymous_21)
FNDA:0,(anonymous_22)
FNDA:2,(anonymous_23)
DA:1,2
DA:2,2
DA:3,2
DA:4,2
DA:7,2
DA:8,1
DA:10,1
DA:11,1
DA:13,1
DA:14,1
DA:15,7
DA:16,7
DA:17,0
DA:18,0
DA:20,7
DA:23,1
DA:24,19
DA:25,1
DA:26,1
DA:28,19
DA:29,1
DA:30,1
DA:33,1
DA:35,1
DA:36,2
DA:37,2
DA:38,2
DA:39,2
DA:44,1
DA:45,4
DA:46,1
DA:48,1
DA:49,1
DA:52,1
DA:53,1
DA:54,1
DA:56,1
DA:58,0
DA:61,0
DA:62,0
DA:63,0
DA:64,0
DA:68,0
DA:69,2
DA:72,1
DA:75,2
LF:46
LH:38
BRDA:11,0,0,0
BRDA:16,1,0,0
BRDA:24,2,0,1
BRDA:28,3,0,1
BRF:4
BRH:2
end_of_record
TN:
SF:src/store/helper.ts
FN:8,(anonymous_0)
FN:11,(anonymous_1)
FN:14,(anonymous_2)
FN:33,(anonymous_3)
FN:34,(anonymous_4)
FN:34,(anonymous_5)
FN:38,(anonymous_6)
FN:47,(anonymous_7)
FN:52,(anonymous_8)
FNF:9
FNH:9
FNDA:401,(anonymous_0)
FNDA:955,(anonymous_1)
FNDA:72,(anonymous_2)
FNDA:38,(anonymous_3)
FNDA:58,(anonymous_4)
FNDA:123,(anonymous_5)
FNDA:15,(anonymous_6)
FNDA:27,(anonymous_7)
FNDA:34,(anonymous_8)
DA:8,3
DA:11,955
DA:14,3
DA:15,72
DA:16,72
DA:17,146
DA:18,44
DA:19,44
DA:21,102
DA:22,6
DA:23,6
DA:26,72
DA:27,16
DA:28,72
DA:29,24
DA:30,72
DA:33,3
DA:34,123
DA:35,33
DA:38,3
DA:39,15
DA:40,15
DA:41,15
DA:44,15
DA:45,12
DA:46,3
DA:47,27
DA:48,9
DA:49,9
DA:52,34
DA:54,3
LF:31
LH:31
BRDA:17,0,0,44
BRDA:21,1,0,6
BRDA:26,2,0,16
BRDA:28,3,0,24
BRDA:34,4,0,5
BRDA:45,5,0,3
BRDA:45,6,0,12
BRDA:45,6,1,11
BRF:8
BRH:8
end_of_record
TN:
SF:src/store/index.ts
FN:16,(anonymous_0)
FN:19,(anonymous_1)
FN:23,(anonymous_2)
FN:28,(anonymous_3)
FN:35,(anonymous_4)
FN:38,(anonymous_5)
FN:45,(anonymous_6)
FNF:7
FNH:7
FNDA:1,(anonymous_0)
FNDA:5,(anonymous_1)
FNDA:5,(anonymous_2)
FNDA:5,(anonymous_3)
FNDA:3,(anonymous_4)
FNDA:3,(anonymous_5)
FNDA:3,(anonymous_6)
DA:16,1
DA:17,1
DA:19,1
DA:23,5
DA:25,1
DA:28,1
DA:29,5
DA:35,1
DA:38,3
DA:39,3
DA:42,1
DA:45,1
DA:46,3
DA:52,1
DA:59,1
LF:15
LH:15
BRF:0
BRH:0
end_of_record
TN:
SF:src/store/store.ts
FN:6,(anonymous_0)
FN:18,(anonymous_1)
FN:24,(anonymous_2)
FN:30,(anonymous_3)
FN:33,(anonymous_4)
FN:37,(anonymous_5)
FN:42,(anonymous_6)
FN:49,(anonymous_7)
FN:62,(anonymous_8)
FN:75,(anonymous_9)
FNF:10
FNH:10
FNDA:4,(anonymous_0)
FNDA:5,(anonymous_1)
FNDA:10,(anonymous_2)
FNDA:2,(anonymous_3)
FNDA:3,(anonymous_4)
FNDA:6,(anonymous_5)
FNDA:8,(anonymous_6)
FNDA:10,(anonymous_7)
FNDA:3,(anonymous_8)
FNDA:1,(anonymous_9)
DA:2,2
DA:4,2
DA:6,2
DA:7,4
DA:10,2
DA:15,2
DA:19,5
DA:20,5
DA:24,5
DA:25,10
DA:26,10
DA:28,5
DA:31,2
DA:34,3
DA:35,3
DA:38,6
DA:39,6
DA:40,6
DA:43,8
DA:44,8
DA:45,8
DA:50,10
DA:51,10
DA:52,10
DA:54,8
DA:55,5
DA:56,5
DA:63,3
DA:64,3
DA:65,3
DA:67,2
DA:68,2
DA:69,2
DA:76,1
DA:81,2
LF:35
LH:35
BRDA:26,0,0,6
BRDA:52,1,0,2
BRDA:55,2,0,4
BRDA:55,2,1,1
BRDA:65,3,0,1
BRDA:68,4,0,2
BRDA:68,4,1,0
BRF:7
BRH:6
end_of_record
TN:
SF:src/types/Player.ts
FNF:0
FNH:0
DA:1,2
DA:6,2
LF:2
LH:2
BRF:0
BRH:0
end_of_record
