TN:
SF:src/app.ts
FN:17,(anonymous_7)
FN:22,(anonymous_8)
FN:23,(anonymous_9)
FN:24,(anonymous_10)
FN:25,(anonymous_11)
FN:26,(anonymous_12)
FN:27,(anonymous_13)
FN:28,(anonymous_14)
FN:33,(anonymous_15)
FN:35,(anonymous_16)
FN:35,(anonymous_17)
FN:50,(anonymous_18)
FN:55,(anonymous_19)
FN:55,(anonymous_20)
FN:70,(anonymous_21)
FN:75,(anonymous_22)
FNF:16
FNH:16
FNDA:1,(anonymous_7)
FNDA:278,(anonymous_8)
FNDA:252,(anonymous_9)
FNDA:26,(anonymous_10)
FNDA:12,(anonymous_11)
FNDA:170,(anonymous_12)
FNDA:185,(anonymous_13)
FNDA:357,(anonymous_14)
FNDA:11,(anonymous_15)
FNDA:185,(anonymous_16)
FNDA:185,(anonymous_17)
FNDA:4,(anonymous_18)
FNDA:12,(anonymous_19)
FNDA:12,(anonymous_20)
FNDA:79,(anonymous_21)
FNDA:1,(anonymous_22)
DA:1,1
DA:3,1
DA:4,1
DA:5,1
DA:9,1
DA:17,1
DA:18,1
DA:19,1
DA:20,1
DA:22,278
DA:23,252
DA:24,26
DA:25,12
DA:26,170
DA:27,1
DA:28,357
DA:29,185
DA:30,13
DA:31,172
DA:33,11
DA:35,185
DA:36,185
DA:37,185
DA:38,185
DA:39,168
DA:40,25
DA:41,25
DA:42,11
DA:44,154
DA:46,17
DA:50,1
DA:51,4
DA:52,4
DA:55,12
DA:56,12
DA:57,12
DA:58,2
DA:59,1
DA:60,1
DA:61,0
DA:63,1
DA:66,1
DA:68,1
DA:71,79
DA:72,79
DA:73,79
DA:76,1
DA:81,1
LF:48
LH:47
BRDA:29,0,0,13
BRDA:39,1,0,25
BRDA:58,2,0,1
BRF:3
BRH:3
end_of_record
TN:
SF:src/display.ts
FN:13,(anonymous_0)
FN:14,(anonymous_1)
FN:19,(anonymous_2)
FN:23,(anonymous_3)
FN:27,(anonymous_4)
FNF:5
FNH:5
FNDA:2,(anonymous_0)
FNDA:295,(anonymous_1)
FNDA:255,(anonymous_2)
FNDA:27,(anonymous_3)
FNDA:13,(anonymous_4)
DA:1,2
DA:13,2
DA:14,2
DA:15,295
DA:16,295
DA:18,2
DA:20,255
DA:21,255
DA:24,27
DA:25,27
DA:28,13
DA:29,13
DA:34,2
LF:13
LH:13
BRF:0
BRH:0
end_of_record
TN:
SF:src/__factories__/store/helper.ts
FN:184,(anonymous_0)
FN:187,(anonymous_1)
FN:187,(anonymous_2)
FNF:3
FNH:3
FNDA:19,(anonymous_0)
FNDA:57,(anonymous_1)
FNDA:171,(anonymous_2)
DA:10,1
DA:184,19
DA:187,171
DA:191,1
DA:230,1
DA:256,1
DA:372,1
DA:373,1
DA:374,1
DA:375,1
LF:10
LH:10
BRDA:187,0,0,92
BRDA:187,0,1,79
BRDA:187,1,0,171
BRDA:187,1,1,92
BRF:4
BRH:4
end_of_record
TN:
SF:src/components/elements/BackToGameMessage.ts
FN:3,(anonymous_0)
FNF:1
FNH:1
FNDA:17,(anonymous_0)
DA:1,3
DA:3,3
DA:4,17
DA:6,3
LF:4
LH:4
BRF:0
BRH:0
end_of_record
TN:
SF:src/components/elements/DrawMessage.ts
FN:3,(anonymous_0)
FNF:1
FNH:1
FNDA:9,(anonymous_0)
DA:1,3
DA:3,3
DA:4,9
DA:7,3
LF:4
LH:4
BRF:0
BRH:0
end_of_record
TN:
SF:src/components/elements/ErrorMessage.ts
FN:3,(anonymous_0)
FNF:1
FNH:1
FNDA:23,(anonymous_0)
DA:1,3
DA:3,3
DA:4,23
DA:9,3
LF:4
LH:4
BRDA:5,0,0,20
BRDA:5,0,1,3
BRDA:5,1,0,23
BRDA:5,1,1,23
BRF:4
BRH:4
end_of_record
TN:
SF:src/components/elements/InputMessage.ts
FN:4,(anonymous_0)
FNF:1
FNH:1
FNDA:261,(anonymous_0)
DA:2,3
DA:4,3
DA:5,261
DA:8,3
LF:4
LH:4
BRF:0
BRH:0
end_of_record
TN:
SF:src/components/elements/MessageEdge.ts
FN:1,(anonymous_0)
FNF:1
FNH:1
FNDA:342,(anonymous_0)
DA:1,342
DA:3,7
LF:2
LH:2
BRF:0
BRH:0
end_of_record
TN:
SF:src/components/elements/SimpleBoard.ts
FN:3,(anonymous_0)
FN:5,(anonymous_1)
FN:6,(anonymous_2)
FNF:3
FNH:3
FNDA:287,(anonymous_0)
FNDA:861,(anonymous_1)
FNDA:2583,(anonymous_2)
DA:3,3
DA:4,287
DA:6,2583
DA:11,3
LF:4
LH:4
BRDA:6,0,0,702
BRDA:6,0,1,1881
BRDA:6,1,0,2583
BRDA:6,1,1,702
BRF:4
BRH:4
end_of_record
TN:
SF:src/components/elements/SimpleStats.ts
FN:3,(anonymous_0)
FN:5,(anonymous_1)
FNF:2
FNH:2
FNDA:17,(anonymous_0)
FNDA:34,(anonymous_1)
DA:3,3
DA:4,17
DA:5,34
DA:7,17
DA:10,3
LF:5
LH:5
BRF:0
BRH:0
end_of_record
TN:
SF:src/components/elements/VictoryMessage.ts
FN:4,(anonymous_0)
FNF:1
FNH:1
FNDA:27,(anonymous_0)
DA:2,3
DA:4,3
DA:5,27
DA:8,3
LF:4
LH:4
BRF:0
BRH:0
end_of_record
TN:
SF:src/components/views/ResultView.ts
FN:7,(anonymous_0)
FNF:1
FNH:1
FNDA:28,(anonymous_0)
DA:1,2
DA:2,2
DA:3,2
DA:7,2
DA:8,28
DA:13,2
LF:6
LH:6
BRDA:9,0,0,23
BRDA:9,0,1,5
BRF:2
BRH:2
end_of_record
TN:
SF:src/components/views/StatsView.ts
FN:5,(anonymous_0)
FNF:1
FNH:1
FNDA:14,(anonymous_0)
DA:1,2
DA:2,2
DA:5,2
DA:6,14
DA:9,2
LF:5
LH:5
BRF:0
BRH:0
end_of_record
TN:
SF:src/components/views/TurnView.ts
FN:7,(anonymous_0)
FNF:1
FNH:1
FNDA:257,(anonymous_0)
DA:1,2
DA:2,2
DA:3,2
DA:7,2
DA:8,257
DA:13,2
LF:6
LH:6
BRDA:9,0,0,19
BRDA:9,0,1,238
BRF:2
BRH:2
end_of_record
TN:
SF:src/components/views/index.ts
FN:5,(anonymous_0)
FN:5,(anonymous_1)
FN:5,(anonymous_2)
FNF:3
FNH:3
FNDA:28,(anonymous_0)
FNDA:14,(anonymous_1)
FNDA:257,(anonymous_2)
DA:1,2
DA:2,2
DA:3,2
DA:5,259
LF:4
LH:4
BRF:0
BRH:0
end_of_record
TN:
SF:src/io/index.ts
FN:11,(anonymous_8)
FN:17,(anonymous_9)
FN:21,(anonymous_10)
FN:26,(anonymous_11)
FN:49,(anonymous_12)
FN:50,(anonymous_13)
FN:51,(anonymous_14)
FN:54,(anonymous_15)
FN:57,(anonymous_16)
FN:60,(anonymous_17)
FN:63,(anonymous_18)
FN:65,(anonymous_20)
FN:66,(anonymous_21)
FN:71,(anonymous_22)
FN:74,(anonymous_23)
FNF:15
FNH:15
FNDA:2,(anonymous_8)
FNDA:842,(anonymous_9)
FNDA:295,(anonymous_10)
FNDA:752,(anonymous_11)
FNDA:7,(anonymous_12)
FNDA:1,(anonymous_13)
FNDA:5,(anonymous_14)
FNDA:2,(anonymous_15)
FNDA:295,(anonymous_16)
FNDA:79,(anonymous_17)
FNDA:38,(anonymous_18)
FNDA:38,(anonymous_20)
FNDA:13,(anonymous_21)
FNDA:290,(anonymous_22)
FNDA:2,(anonymous_23)
DA:1,3
DA:2,3
DA:4,3
DA:5,3
DA:7,3
DA:8,0
DA:11,3
DA:12,2
DA:14,2
DA:15,2
DA:17,2
DA:18,842
DA:21,2
DA:22,295
DA:23,295
DA:26,2
DA:27,752
DA:28,5
DA:30,748
DA:31,13
DA:33,748
DA:34,205
DA:35,205
DA:36,13
DA:37,13
DA:39,192
DA:41,192
DA:43,735
DA:44,735
DA:46,2
DA:48,2
DA:49,7
DA:50,1
DA:52,5
DA:55,2
DA:58,295
DA:61,79
DA:64,38
DA:65,38
DA:66,38
DA:67,13
DA:72,290
DA:75,2
DA:80,3
LF:44
LH:43
BRDA:7,0,0,0
BRDA:27,1,0,5
BRDA:30,2,0,13
BRDA:33,3,0,205
BRDA:33,4,0,748
BRDA:33,4,1,741
BRDA:35,5,0,13
BRDA:35,5,1,192
BRDA:44,6,0,550
BRF:9
BRH:8
end_of_record
TN:
SF:src/store/helper.ts
FN:8,(anonymous_0)
FN:11,(anonymous_1)
FN:14,(anonymous_2)
FN:33,(anonymous_3)
FN:34,(anonymous_4)
FN:34,(anonymous_5)
FN:38,(anonymous_6)
FN:47,(anonymous_7)
FN:52,(anonymous_8)
FNF:9
FNH:9
FNDA:2735,(anonymous_0)
FNDA:6493,(anonymous_1)
FNDA:480,(anonymous_2)
FNDA:401,(anonymous_3)
FNDA:560,(anonymous_4)
FNDA:1271,(anonymous_5)
FNDA:192,(anonymous_6)
FNDA:546,(anonymous_7)
FNDA:701,(anonymous_8)
DA:8,4
DA:11,6493
DA:14,4
DA:15,480
DA:16,480
DA:17,1041
DA:18,316
DA:19,316
DA:21,725
DA:22,91
DA:23,91
DA:26,480
DA:27,56
DA:28,480
DA:29,211
DA:30,480
DA:33,4
DA:34,1271
DA:35,388
DA:38,4
DA:39,192
DA:40,192
DA:41,192
DA:44,192
DA:45,186
DA:46,4
DA:47,546
DA:48,182
DA:49,182
DA:52,701
DA:54,4
LF:31
LH:31
BRDA:17,0,0,316
BRDA:21,1,0,91
BRDA:26,2,0,56
BRDA:28,3,0,211
BRDA:34,4,0,13
BRDA:45,5,0,4
BRDA:45,6,0,186
BRDA:45,6,1,185
BRF:8
BRH:8
end_of_record
TN:
SF:src/store/index.ts
FN:16,(anonymous_0)
FN:19,(anonymous_1)
FN:23,(anonymous_2)
FN:28,(anonymous_3)
FN:35,(anonymous_4)
FN:38,(anonymous_5)
FN:45,(anonymous_6)
FN:53,(anonymous_7)
FNF:8
FNH:8
FNDA:2,(anonymous_0)
FNDA:10,(anonymous_1)
FNDA:747,(anonymous_2)
FNDA:10,(anonymous_3)
FNDA:6,(anonymous_4)
FNDA:273,(anonymous_5)
FNDA:6,(anonymous_6)
FNDA:5,(anonymous_7)
DA:16,2
DA:17,2
DA:19,2
DA:23,747
DA:25,2
DA:28,2
DA:29,10
DA:35,2
DA:38,6
DA:39,273
DA:42,2
DA:45,2
DA:46,6
DA:52,2
DA:53,5
DA:59,2
LF:16
LH:16
BRF:0
BRH:0
end_of_record
TN:
SF:src/store/store.ts
FN:6,(anonymous_0)
FN:18,(anonymous_1)
FN:24,(anonymous_2)
FN:30,(anonymous_3)
FN:33,(anonymous_4)
FN:37,(anonymous_5)
FN:42,(anonymous_6)
FN:49,(anonymous_7)
FN:62,(anonymous_8)
FN:75,(anonymous_9)
FNF:10
FNH:10
FNDA:17,(anonymous_0)
FNDA:17,(anonymous_1)
FNDA:25,(anonymous_2)
FNDA:254,(anonymous_3)
FNDA:281,(anonymous_4)
FNDA:180,(anonymous_5)
FNDA:34,(anonymous_6)
FNDA:187,(anonymous_7)
FNDA:15,(anonymous_8)
FNDA:80,(anonymous_9)
DA:2,3
DA:4,3
DA:6,3
DA:7,17
DA:10,3
DA:15,3
DA:19,17
DA:20,17
DA:24,17
DA:25,25
DA:26,25
DA:28,17
DA:31,254
DA:34,281
DA:35,281
DA:38,180
DA:39,180
DA:40,180
DA:43,34
DA:44,34
DA:45,34
DA:50,187
DA:51,187
DA:52,187
DA:54,185
DA:55,178
DA:56,178
DA:63,15
DA:64,15
DA:65,15
DA:67,14
DA:68,14
DA:69,14
DA:76,80
DA:81,3
LF:35
LH:35
BRDA:26,0,0,17
BRDA:52,1,0,2
BRDA:55,2,0,101
BRDA:55,2,1,77
BRDA:65,3,0,1
BRDA:68,4,0,8
BRDA:68,4,1,6
BRF:7
BRH:7
end_of_record
TN:
SF:src/types/Player.ts
FNF:0
FNH:0
DA:1,3
DA:6,3
LF:2
LH:2
BRF:0
BRH:0
end_of_record
TN:
SF:src/types/Position.ts
FN:3,(anonymous_0)
FN:6,(anonymous_1)
FNF:2
FNH:2
FNDA:185,(anonymous_0)
FNDA:344,(anonymous_1)
DA:3,1
DA:4,185
DA:5,185
DA:6,344
DA:10,1
LF:5
LH:5
BRDA:4,0,0,0
BRDA:5,1,0,13
BRF:2
BRH:1
end_of_record
